This file contains any messages produced by compilers while
running configure, to aid debugging if configure makes a mistake.

It was created by ndisc6 configure 0.9.9, which was
generated by GNU Autoconf 2.64.  Invocation command line was

  $ ./configure 

## --------- ##
## Platform. ##
## --------- ##

hostname = localhost.localdomain
uname -m = i686
uname -r = 2.6.23.1-42.fc8
uname -s = Linux
uname -v = #1 SMP Tue Oct 30 13:55:12 EDT 2007

/usr/bin/uname -p = unknown
/bin/uname -X     = unknown

/bin/arch              = i686
/usr/bin/arch -k       = unknown
/usr/convex/getsysinfo = unknown
/usr/bin/hostinfo      = unknown
/bin/machine           = unknown
/usr/bin/oslevel       = unknown
/bin/universe          = unknown

PATH: /usr/kerberos/sbin
PATH: /usrkerberos/bin
PATH: /usr/lib/ccache
PATH: /usr/local/bin
PATH: /usr/bin
PATH: /bin
PATH: /usr/X11R6/bin
PATH: /home/matt/bin
PATH: /home/ubicom/ubicom-distro/toolchain/bin


## ----------- ##
## Core tests. ##
## ----------- ##

configure:2167: checking system...
configure:2202: checking for build hostname
configure:2210: result: localhost.localdomain
configure:2221: checking required programs...
configure:2271: checking for gcc
configure:2287: found /usr/lib/ccache/gcc
configure:2298: result: gcc
configure:2527: checking for C compiler version
configure:2536: gcc --version >&5
gcc (GCC) 4.1.2 20070925 (Red Hat 4.1.2-33)
Copyright (C) 2006 Free Software Foundation, Inc.
This is free software; see the source for copying conditions.  There is NO
warranty; not even for MERCHANTABILITY or FITNESS FOR A PARTICULAR PURPOSE.

configure:2547: $? = 0
configure:2536: gcc -v >&5
Using built-in specs.
Target: i386-redhat-linux
Configured with: ../configure --prefix=/usr --mandir=/usr/share/man --infodir=/usr/share/info --enable-shared --enable-threads=posix --enable-checking=release --with-system-zlib --enable-__cxa_atexit --disable-libunwind-exceptions --enable-languages=c,c++,objc,obj-c++,java,fortran,ada --enable-java-awt=gtk --disable-dssi --enable-plugin --with-java-home=/usr/lib/jvm/java-1.5.0-gcj-1.5.0.0/jre --enable-libgcj-multifile --enable-java-maintainer-mode --with-ecj-jar=/usr/share/java/eclipse-ecj.jar --with-cpu=generic --host=i386-redhat-linux
Thread model: posix
gcc version 4.1.2 20070925 (Red Hat 4.1.2-33)
configure:2547: $? = 0
configure:2536: gcc -V >&5
gcc: '-V' option must have argument
configure:2547: $? = 1
configure:2536: gcc -qversion >&5
gcc: unrecognized option '-qversion'
gcc: no input files
configure:2547: $? = 1
configure:2569: checking for C compiler default output file name
configure:2591: gcc    conftest.c  >&5
configure:2595: $? = 0
configure:2632: result: a.out
configure:2648: checking whether the C compiler works
configure:2657: ./a.out
configure:2661: $? = 0
configure:2676: result: yes
configure:2683: checking whether we are cross compiling
configure:2685: result: no
configure:2688: checking for suffix of executables
configure:2695: gcc -o conftest    conftest.c  >&5
configure:2699: $? = 0
configure:2721: result: 
configure:2727: checking for suffix of object files
configure:2749: gcc -c   conftest.c >&5
configure:2753: $? = 0
configure:2774: result: o
configure:2778: checking whether we are using the GNU C compiler
configure:2797: gcc -c   conftest.c >&5
configure:2797: $? = 0
configure:2806: result: yes
configure:2815: checking whether gcc accepts -g
configure:2835: gcc -c -g  conftest.c >&5
configure:2835: $? = 0
configure:2876: result: yes
configure:2893: checking for gcc option to accept ISO C89
configure:2957: gcc  -c -g -O2  conftest.c >&5
configure:2957: $? = 0
configure:2970: result: none needed
configure:2990: checking for gcc option to accept ISO C99
configure:3139: gcc  -c -g -O2  conftest.c >&5
conftest.c:61: error: expected ';', ',' or ')' before 'text'
conftest.c: In function 'main':
conftest.c:115: error: expected '=', ',', ';', 'asm' or '__attribute__' before 'newvar'
conftest.c:115: error: 'newvar' undeclared (first use in this function)
conftest.c:115: error: (Each undeclared identifier is reported only once
conftest.c:115: error: for each function it appears in.)
conftest.c:125: error: 'for' loop initial declaration used outside C99 mode
configure:3139: $? = 1
configure: failed program was:
| /* confdefs.h */
| #define PACKAGE_NAME "ndisc6"
| #define PACKAGE_TARNAME "ndisc6"
| #define PACKAGE_VERSION "0.9.9"
| #define PACKAGE_STRING "ndisc6 0.9.9"
| #define PACKAGE_BUGREPORT "rdenis@simphalempin.com"
| #define PACKAGE_URL ""
| #define PACKAGE_CONFIGURE_INVOCATION "./configure "
| #define PACKAGE_BUILD_HOSTNAME "localhost.localdomain"
| /* end confdefs.h.  */
| #include <stdarg.h>
| #include <stdbool.h>
| #include <stdlib.h>
| #include <wchar.h>
| #include <stdio.h>
| 
| // Check varargs macros.  These examples are taken from C99 6.10.3.5.
| #define debug(...) fprintf (stderr, __VA_ARGS__)
| #define showlist(...) puts (#__VA_ARGS__)
| #define report(test,...) ((test) ? puts (#test) : printf (__VA_ARGS__))
| static void
| test_varargs_macros (void)
| {
|   int x = 1234;
|   int y = 5678;
|   debug ("Flag");
|   debug ("X = %d\n", x);
|   showlist (The first, second, and third items.);
|   report (x>y, "x is %d but y is %d", x, y);
| }
| 
| // Check long long types.
| #define BIG64 18446744073709551615ull
| #define BIG32 4294967295ul
| #define BIG_OK (BIG64 / BIG32 == 4294967297ull && BIG64 % BIG32 == 0)
| #if !BIG_OK
|   your preprocessor is broken;
| #endif
| #if BIG_OK
| #else
|   your preprocessor is broken;
| #endif
| static long long int bignum = -9223372036854775807LL;
| static unsigned long long int ubignum = BIG64;
| 
| struct incomplete_array
| {
|   int datasize;
|   double data[];
| };
| 
| struct named_init {
|   int number;
|   const wchar_t *name;
|   double average;
| };
| 
| typedef const char *ccp;
| 
| static inline int
| test_restrict (ccp restrict text)
| {
|   // See if C++-style comments work.
|   // Iterate through items via the restricted pointer.
|   // Also check for declarations in for loops.
|   for (unsigned int i = 0; *(text+i) != '\0'; ++i)
|     continue;
|   return 0;
| }
| 
| // Check varargs and va_copy.
| static void
| test_varargs (const char *format, ...)
| {
|   va_list args;
|   va_start (args, format);
|   va_list args_copy;
|   va_copy (args_copy, args);
| 
|   const char *str;
|   int number;
|   float fnumber;
| 
|   while (*format)
|     {
|       switch (*format++)
| 	{
| 	case 's': // string
| 	  str = va_arg (args_copy, const char *);
| 	  break;
| 	case 'd': // int
| 	  number = va_arg (args_copy, int);
| 	  break;
| 	case 'f': // float
| 	  fnumber = va_arg (args_copy, double);
| 	  break;
| 	default:
| 	  break;
| 	}
|     }
|   va_end (args_copy);
|   va_end (args);
| }
| 
| int
| main ()
| {
| 
|   // Check bool.
|   _Bool success = false;
| 
|   // Check restrict.
|   if (test_restrict ("String literal") == 0)
|     success = true;
|   char *restrict newvar = "Another string";
| 
|   // Check varargs.
|   test_varargs ("s, d' f .", "string", 65, 34.234);
|   test_varargs_macros ();
| 
|   // Check flexible array members.
|   struct incomplete_array *ia =
|     malloc (sizeof (struct incomplete_array) + (sizeof (double) * 10));
|   ia->datasize = 10;
|   for (int i = 0; i < ia->datasize; ++i)
|     ia->data[i] = i * 1.234;
| 
|   // Check named initializers.
|   struct named_init ni = {
|     .number = 34,
|     .name = L"Test wide string",
|     .average = 543.34343,
|   };
| 
|   ni.number = 58;
| 
|   int dynamic_array[ni.number];
|   dynamic_array[ni.number - 1] = 543;
| 
|   // work around unused variable warnings
|   return (!success || bignum == 0LL || ubignum == 0uLL || newvar[0] == 'x'
| 	  || dynamic_array[ni.number - 1] != 543);
| 
|   ;
|   return 0;
| }
configure:3139: gcc -std=gnu99 -c -g -O2  conftest.c >&5
configure:3139: $? = 0
configure:3159: result: -std=gnu99
configure:3168: checking whether gcc -std=gnu99 and cc understand -c and -o together
configure:3199: gcc -std=gnu99 -c conftest.c -o conftest2.o >&5
configure:3203: $? = 0
configure:3209: gcc -std=gnu99 -c conftest.c -o conftest2.o >&5
configure:3213: $? = 0
configure:3224: cc -c conftest.c >&5
configure:3228: $? = 0
configure:3236: cc -c conftest.c -o conftest2.o >&5
configure:3240: $? = 0
configure:3246: cc -c conftest.c -o conftest2.o >&5
configure:3250: $? = 0
configure:3268: result: yes
configure:3302: checking how to run the C preprocessor
configure:3333: gcc -std=gnu99 -E  conftest.c
configure:3333: $? = 0
configure:3347: gcc -std=gnu99 -E  conftest.c
conftest.c:11:28: error: ac_nonexistent.h: No such file or directory
configure:3347: $? = 1
configure: failed program was:
| /* confdefs.h */
| #define PACKAGE_NAME "ndisc6"
| #define PACKAGE_TARNAME "ndisc6"
| #define PACKAGE_VERSION "0.9.9"
| #define PACKAGE_STRING "ndisc6 0.9.9"
| #define PACKAGE_BUGREPORT "rdenis@simphalempin.com"
| #define PACKAGE_URL ""
| #define PACKAGE_CONFIGURE_INVOCATION "./configure "
| #define PACKAGE_BUILD_HOSTNAME "localhost.localdomain"
| /* end confdefs.h.  */
| #include <ac_nonexistent.h>
configure:3372: result: gcc -std=gnu99 -E
configure:3392: gcc -std=gnu99 -E  conftest.c
configure:3392: $? = 0
configure:3406: gcc -std=gnu99 -E  conftest.c
conftest.c:11:28: error: ac_nonexistent.h: No such file or directory
configure:3406: $? = 1
configure: failed program was:
| /* confdefs.h */
| #define PACKAGE_NAME "ndisc6"
| #define PACKAGE_TARNAME "ndisc6"
| #define PACKAGE_VERSION "0.9.9"
| #define PACKAGE_STRING "ndisc6 0.9.9"
| #define PACKAGE_BUGREPORT "rdenis@simphalempin.com"
| #define PACKAGE_URL ""
| #define PACKAGE_CONFIGURE_INVOCATION "./configure "
| #define PACKAGE_BUILD_HOSTNAME "localhost.localdomain"
| /* end confdefs.h.  */
| #include <ac_nonexistent.h>
configure:3435: checking for grep that handles long lines and -e
configure:3493: result: /bin/grep
configure:3498: checking for egrep
configure:3560: result: /bin/grep -E
configure:3565: checking for ANSI C header files
configure:3585: gcc -std=gnu99 -c -g -O2  conftest.c >&5
configure:3585: $? = 0
configure:3658: gcc -std=gnu99 -o conftest -g -O2   conftest.c  >&5
configure:3658: $? = 0
configure:3658: ./conftest
configure:3658: $? = 0
configure:3669: result: yes
configure:3682: checking for sys/types.h
configure:3682: gcc -std=gnu99 -c -g -O2  conftest.c >&5
configure:3682: $? = 0
configure:3682: result: yes
configure:3682: checking for sys/stat.h
configure:3682: gcc -std=gnu99 -c -g -O2  conftest.c >&5
configure:3682: $? = 0
configure:3682: result: yes
configure:3682: checking for stdlib.h
configure:3682: gcc -std=gnu99 -c -g -O2  conftest.c >&5
configure:3682: $? = 0
configure:3682: result: yes
configure:3682: checking for string.h
configure:3682: gcc -std=gnu99 -c -g -O2  conftest.c >&5
configure:3682: $? = 0
configure:3682: result: yes
configure:3682: checking for memory.h
configure:3682: gcc -std=gnu99 -c -g -O2  conftest.c >&5
configure:3682: $? = 0
configure:3682: result: yes
configure:3682: checking for strings.h
configure:3682: gcc -std=gnu99 -c -g -O2  conftest.c >&5
configure:3682: $? = 0
configure:3682: result: yes
configure:3682: checking for inttypes.h
configure:3682: gcc -std=gnu99 -c -g -O2  conftest.c >&5
configure:3682: $? = 0
configure:3682: result: yes
configure:3682: checking for stdint.h
configure:3682: gcc -std=gnu99 -c -g -O2  conftest.c >&5
configure:3682: $? = 0
configure:3682: result: yes
configure:3682: checking for unistd.h
configure:3682: gcc -std=gnu99 -c -g -O2  conftest.c >&5
configure:3682: $? = 0
configure:3682: result: yes
configure:3696: checking minix/config.h usability
configure:3696: gcc -std=gnu99 -c -g -O2  conftest.c >&5
conftest.c:54:26: error: minix/config.h: No such file or directory
configure:3696: $? = 1
configure: failed program was:
| /* confdefs.h */
| #define PACKAGE_NAME "ndisc6"
| #define PACKAGE_TARNAME "ndisc6"
| #define PACKAGE_VERSION "0.9.9"
| #define PACKAGE_STRING "ndisc6 0.9.9"
| #define PACKAGE_BUGREPORT "rdenis@simphalempin.com"
| #define PACKAGE_URL ""
| #define PACKAGE_CONFIGURE_INVOCATION "./configure "
| #define PACKAGE_BUILD_HOSTNAME "localhost.localdomain"
| #define STDC_HEADERS 1
| #define HAVE_SYS_TYPES_H 1
| #define HAVE_SYS_STAT_H 1
| #define HAVE_STDLIB_H 1
| #define HAVE_STRING_H 1
| #define HAVE_MEMORY_H 1
| #define HAVE_STRINGS_H 1
| #define HAVE_INTTYPES_H 1
| #define HAVE_STDINT_H 1
| #define HAVE_UNISTD_H 1
| /* end confdefs.h.  */
| #include <stdio.h>
| #ifdef HAVE_SYS_TYPES_H
| # include <sys/types.h>
| #endif
| #ifdef HAVE_SYS_STAT_H
| # include <sys/stat.h>
| #endif
| #ifdef STDC_HEADERS
| # include <stdlib.h>
| # include <stddef.h>
| #else
| # ifdef HAVE_STDLIB_H
| #  include <stdlib.h>
| # endif
| #endif
| #ifdef HAVE_STRING_H
| # if !defined STDC_HEADERS && defined HAVE_MEMORY_H
| #  include <memory.h>
| # endif
| # include <string.h>
| #endif
| #ifdef HAVE_STRINGS_H
| # include <strings.h>
| #endif
| #ifdef HAVE_INTTYPES_H
| # include <inttypes.h>
| #endif
| #ifdef HAVE_STDINT_H
| # include <stdint.h>
| #endif
| #ifdef HAVE_UNISTD_H
| # include <unistd.h>
| #endif
| #include <minix/config.h>
configure:3696: result: no
configure:3696: checking minix/config.h presence
configure:3696: gcc -std=gnu99 -E  conftest.c
conftest.c:21:26: error: minix/config.h: No such file or directory
configure:3696: $? = 1
configure: failed program was:
| /* confdefs.h */
| #define PACKAGE_NAME "ndisc6"
| #define PACKAGE_TARNAME "ndisc6"
| #define PACKAGE_VERSION "0.9.9"
| #define PACKAGE_STRING "ndisc6 0.9.9"
| #define PACKAGE_BUGREPORT "rdenis@simphalempin.com"
| #define PACKAGE_URL ""
| #define PACKAGE_CONFIGURE_INVOCATION "./configure "
| #define PACKAGE_BUILD_HOSTNAME "localhost.localdomain"
| #define STDC_HEADERS 1
| #define HAVE_SYS_TYPES_H 1
| #define HAVE_SYS_STAT_H 1
| #define HAVE_STDLIB_H 1
| #define HAVE_STRING_H 1
| #define HAVE_MEMORY_H 1
| #define HAVE_STRINGS_H 1
| #define HAVE_INTTYPES_H 1
| #define HAVE_STDINT_H 1
| #define HAVE_UNISTD_H 1
| /* end confdefs.h.  */
| #include <minix/config.h>
configure:3696: result: no
configure:3696: checking for minix/config.h
configure:3696: result: no
configure:3717: checking whether it is safe to define __EXTENSIONS__
configure:3735: gcc -std=gnu99 -c -g -O2  conftest.c >&5
configure:3735: $? = 0
configure:3742: result: yes
configure:3800: checking for ranlib
configure:3816: found /usr/bin/ranlib
configure:3827: result: ranlib
configure:3852: checking for perl
configure:3870: found /usr/bin/perl
configure:3883: result: /usr/bin/perl
configure:3909: checking for a BSD-compatible install
configure:3977: result: /usr/bin/install -c
configure:3988: checking whether build environment is sane
configure:4025: result: yes
configure:4047: checking for a thread-safe mkdir -p
configure:4086: result: /bin/mkdir -p
configure:4099: checking for gawk
configure:4115: found /usr/bin/gawk
configure:4126: result: gawk
configure:4137: checking whether make sets $(MAKE)
configure:4159: result: yes
configure:4189: checking for style of include used by make
configure:4217: result: GNU
configure:4404: checking dependency style of gcc -std=gnu99
configure:4495: result: gcc3
configure:4513: checking required libraries...
configure:4517: checking for clock_gettime in -lrt
configure:4542: gcc -std=gnu99 -o conftest -g -O2   conftest.c -lrt   >&5
configure:4542: $? = 0
configure:4551: result: yes
configure:4561: checking whether NLS is requested
configure:4570: result: yes
configure:4611: checking for msgfmt
configure: trying /usr/bin/msgfmt...
0 translated messages.
configure:4643: result: /usr/bin/msgfmt
configure:4652: checking for gmsgfmt
configure:4683: result: /usr/bin/msgfmt
configure:4734: checking for xgettext
configure: trying /usr/bin/xgettext...
/usr/bin/xgettext: warning: file `/dev/null' extension `' is unknown; will try C
configure:4766: result: /usr/bin/xgettext
configure:4812: checking for msgmerge
configure: trying /usr/bin/msgmerge...
configure:4843: result: /usr/bin/msgmerge
configure:4880: checking build system type
configure:4894: result: i686-pc-linux-gnu
configure:4914: checking host system type
configure:4927: result: i686-pc-linux-gnu
configure:4971: checking for ld used by GCC
configure:5035: result: /usr/bin/ld
configure:5042: checking if the linker (/usr/bin/ld) is GNU ld
configure:5055: result: yes
configure:5062: checking for shared library run path origin
configure:5075: result: done
configure:5576: checking for CFPreferencesCopyAppValue
configure:5594: gcc -std=gnu99 -o conftest -g -O2   conftest.c  -Wl,-framework -Wl,CoreFoundation >&5
conftest.c:28:42: error: CoreFoundation/CFPreferences.h: No such file or directory
conftest.c: In function 'main':
conftest.c:32: warning: implicit declaration of function 'CFPreferencesCopyAppValue'
conftest.c:32: error: 'NULL' undeclared (first use in this function)
conftest.c:32: error: (Each undeclared identifier is reported only once
conftest.c:32: error: for each function it appears in.)
configure:5594: $? = 1
configure: failed program was:
| /* confdefs.h */
| #define PACKAGE_NAME "ndisc6"
| #define PACKAGE_TARNAME "ndisc6"
| #define PACKAGE_VERSION "0.9.9"
| #define PACKAGE_STRING "ndisc6 0.9.9"
| #define PACKAGE_BUGREPORT "rdenis@simphalempin.com"
| #define PACKAGE_URL ""
| #define PACKAGE_CONFIGURE_INVOCATION "./configure "
| #define PACKAGE_BUILD_HOSTNAME "localhost.localdomain"
| #define STDC_HEADERS 1
| #define HAVE_SYS_TYPES_H 1
| #define HAVE_SYS_STAT_H 1
| #define HAVE_STDLIB_H 1
| #define HAVE_STRING_H 1
| #define HAVE_MEMORY_H 1
| #define HAVE_STRINGS_H 1
| #define HAVE_INTTYPES_H 1
| #define HAVE_STDINT_H 1
| #define HAVE_UNISTD_H 1
| #define __EXTENSIONS__ 1
| #define _ALL_SOURCE 1
| #define _GNU_SOURCE 1
| #define _POSIX_PTHREAD_SEMANTICS 1
| #define _TANDEM_SOURCE 1
| #define PACKAGE "ndisc6"
| #define VERSION "0.9.9"
| /* end confdefs.h.  */
| #include <CoreFoundation/CFPreferences.h>
| int
| main ()
| {
| CFPreferencesCopyAppValue(NULL, NULL)
|   ;
|   return 0;
| }
configure:5603: result: no
configure:5610: checking for CFLocaleCopyCurrent
configure:5628: gcc -std=gnu99 -o conftest -g -O2   conftest.c  -Wl,-framework -Wl,CoreFoundation >&5
conftest.c:28:37: error: CoreFoundation/CFLocale.h: No such file or directory
conftest.c: In function 'main':
conftest.c:32: warning: implicit declaration of function 'CFLocaleCopyCurrent'
configure:5628: $? = 1
configure: failed program was:
| /* confdefs.h */
| #define PACKAGE_NAME "ndisc6"
| #define PACKAGE_TARNAME "ndisc6"
| #define PACKAGE_VERSION "0.9.9"
| #define PACKAGE_STRING "ndisc6 0.9.9"
| #define PACKAGE_BUGREPORT "rdenis@simphalempin.com"
| #define PACKAGE_URL ""
| #define PACKAGE_CONFIGURE_INVOCATION "./configure "
| #define PACKAGE_BUILD_HOSTNAME "localhost.localdomain"
| #define STDC_HEADERS 1
| #define HAVE_SYS_TYPES_H 1
| #define HAVE_SYS_STAT_H 1
| #define HAVE_STDLIB_H 1
| #define HAVE_STRING_H 1
| #define HAVE_MEMORY_H 1
| #define HAVE_STRINGS_H 1
| #define HAVE_INTTYPES_H 1
| #define HAVE_STDINT_H 1
| #define HAVE_UNISTD_H 1
| #define __EXTENSIONS__ 1
| #define _ALL_SOURCE 1
| #define _GNU_SOURCE 1
| #define _POSIX_PTHREAD_SEMANTICS 1
| #define _TANDEM_SOURCE 1
| #define PACKAGE "ndisc6"
| #define VERSION "0.9.9"
| /* end confdefs.h.  */
| #include <CoreFoundation/CFLocale.h>
| int
| main ()
| {
| CFLocaleCopyCurrent();
|   ;
|   return 0;
| }
configure:5637: result: no
configure:5686: checking for GNU gettext in libc
configure:5706: gcc -std=gnu99 -o conftest -g -O2   conftest.c  >&5
configure:5706: $? = 0
configure:5715: result: yes
configure:6461: checking whether to use NLS
configure:6463: result: yes
configure:6466: checking where the gettext function comes from
configure:6477: result: libc
configure:6537: checking header files...
configure:6540: checking whether to enable assertions
configure:6558: result: yes
configure:6567: checking library functions...
configure:6572: checking getopt.h usability
configure:6572: gcc -std=gnu99 -c -g -O2  conftest.c >&5
configure:6572: $? = 0
configure:6572: result: yes
configure:6572: checking getopt.h presence
configure:6572: gcc -std=gnu99 -E  conftest.c
configure:6572: $? = 0
configure:6572: result: yes
configure:6572: checking for getopt.h
configure:6572: result: yes
configure:6583: checking for library containing getopt_long
configure:6614: gcc -std=gnu99 -o conftest -g -O2   conftest.c  >&5
configure:6614: $? = 0
configure:6631: result: none required
configure:6655: checking for clock_nanosleep
configure:6655: gcc -std=gnu99 -o conftest -g -O2   conftest.c -lrt  >&5
configure:6655: $? = 0
configure:6655: result: yes
configure:6668: checking for fdatasync
configure:6668: gcc -std=gnu99 -o conftest -g -O2   conftest.c  >&5
configure:6668: $? = 0
configure:6668: result: yes
configure:6668: checking for inet6_rth_add
configure:6668: gcc -std=gnu99 -o conftest -g -O2   conftest.c  >&5
configure:6668: $? = 0
configure:6668: result: yes
configure:6668: checking for ppoll
configure:6668: gcc -std=gnu99 -o conftest -g -O2   conftest.c  >&5
configure:6668: $? = 0
configure:6668: result: yes
configure:6689: checking for library containing socket
configure:6720: gcc -std=gnu99 -o conftest -g -O2   conftest.c  >&5
configure:6720: $? = 0
configure:6737: result: none required
configure:6786: checking for library containing inet_ntop
configure:6817: gcc -std=gnu99 -o conftest -g -O2   conftest.c  >&5
configure:6817: $? = 0
configure:6834: result: none required
configure:6844: checking optional features...
configure:6846: checking if installed programs should be setuid
configure:6864: result: yes
configure:6873: writing results...
configure:6991: creating ./config.status

## ---------------------- ##
## Running config.status. ##
## ---------------------- ##

This file was extended by ndisc6 config.status 0.9.9, which was
generated by GNU Autoconf 2.64.  Invocation command line was

  CONFIG_FILES    = 
  CONFIG_HEADERS  = 
  CONFIG_LINKS    = 
  CONFIG_COMMANDS = 
  $ ./config.status 

on localhost.localdomain

config.status:904: creating Makefile
config.status:904: creating m4/Makefile
config.status:904: creating po/Makefile.in
config.status:904: creating doc/Makefile
config.status:904: creating compat/Makefile
config.status:904: creating src/Makefile
config.status:904: creating rdnssd/Makefile
config.status:904: creating config.h
config.status:1124: executing depfiles commands
config.status:1124: executing po-directories commands

## ---------------- ##
## Cache variables. ##
## ---------------- ##

ac_cv_build=i686-pc-linux-gnu
ac_cv_c_compiler_gnu=yes
ac_cv_env_CC_set=
ac_cv_env_CC_value=
ac_cv_env_CFLAGS_set=
ac_cv_env_CFLAGS_value=
ac_cv_env_CPPFLAGS_set=
ac_cv_env_CPPFLAGS_value=
ac_cv_env_CPP_set=
ac_cv_env_CPP_value=
ac_cv_env_LDFLAGS_set=
ac_cv_env_LDFLAGS_value=
ac_cv_env_LIBS_set=
ac_cv_env_LIBS_value=
ac_cv_env_PERL_set=
ac_cv_env_PERL_value=
ac_cv_env_build_alias_set=
ac_cv_env_build_alias_value=
ac_cv_env_host_alias_set=
ac_cv_env_host_alias_value=
ac_cv_env_target_alias_set=
ac_cv_env_target_alias_value=
ac_cv_func_clock_nanosleep=yes
ac_cv_func_fdatasync=yes
ac_cv_func_inet6_rth_add=yes
ac_cv_func_ppoll=yes
ac_cv_header_getopt_h=yes
ac_cv_header_inttypes_h=yes
ac_cv_header_memory_h=yes
ac_cv_header_minix_config_h=no
ac_cv_header_stdc=yes
ac_cv_header_stdint_h=yes
ac_cv_header_stdlib_h=yes
ac_cv_header_string_h=yes
ac_cv_header_strings_h=yes
ac_cv_header_sys_stat_h=yes
ac_cv_header_sys_types_h=yes
ac_cv_header_unistd_h=yes
ac_cv_host=i686-pc-linux-gnu
ac_cv_lib_rt_clock_gettime=yes
ac_cv_objext=o
ac_cv_path_EGREP='/bin/grep -E'
ac_cv_path_GMSGFMT=/usr/bin/msgfmt
ac_cv_path_GREP=/bin/grep
ac_cv_path_MSGFMT=/usr/bin/msgfmt
ac_cv_path_MSGMERGE=/usr/bin/msgmerge
ac_cv_path_PERL=/usr/bin/perl
ac_cv_path_XGETTEXT=/usr/bin/xgettext
ac_cv_path_install='/usr/bin/install -c'
ac_cv_path_mkdir=/bin/mkdir
ac_cv_prog_AWK=gawk
ac_cv_prog_CPP='gcc -std=gnu99 -E'
ac_cv_prog_ac_ct_CC=gcc
ac_cv_prog_ac_ct_RANLIB=ranlib
ac_cv_prog_cc_c89=
ac_cv_prog_cc_c99=-std=gnu99
ac_cv_prog_cc_g=yes
ac_cv_prog_cc_gcc_c_o=yes
ac_cv_prog_make_make_set=yes
ac_cv_safe_to_define___extensions__=yes
ac_cv_search_getopt_long='none required'
ac_cv_search_inet_ntop='none required'
ac_cv_search_socket='none required'
acl_cv_hardcode_direct=no
acl_cv_hardcode_libdir_flag_spec='${wl}-rpath ${wl}$libdir'
acl_cv_hardcode_libdir_separator=
acl_cv_hardcode_minus_L=no
acl_cv_libext=a
acl_cv_libname_spec='lib$name'
acl_cv_library_names_spec='$libname$shrext'
acl_cv_path_LD=/usr/bin/ld
acl_cv_prog_gnu_ld=yes
acl_cv_rpath=done
acl_cv_shlibext=so
acl_cv_wl=-Wl,
am_cv_CC_dependencies_compiler_type=gcc3
gt_cv_func_CFLocaleCopyCurrent=no
gt_cv_func_CFPreferencesCopyAppValue=no
gt_cv_func_gnugettext2_libc=yes
rdc_cv_build_hostname=localhost.localdomain
rdc_cv_func_socket=yes

## ----------------- ##
## Output variables. ##
## ----------------- ##

ACLOCAL='${SHELL} /home/ubicom/ubicom-distro/ubicom-distro/uClinux/user/ndisc6-0.9.9/admin/missing --run aclocal-1.10'
AMDEPBACKSLASH='\'
AMDEP_FALSE='#'
AMDEP_TRUE=''
AMTAR='${SHELL} /home/ubicom/ubicom-distro/ubicom-distro/uClinux/user/ndisc6-0.9.9/admin/missing --run tar'
AUTOCONF='${SHELL} /home/ubicom/ubicom-distro/ubicom-distro/uClinux/user/ndisc6-0.9.9/admin/missing --run autoconf'
AUTOHEADER='${SHELL} /home/ubicom/ubicom-distro/ubicom-distro/uClinux/user/ndisc6-0.9.9/admin/missing --run autoheader'
AUTOMAKE='${SHELL} /home/ubicom/ubicom-distro/ubicom-distro/uClinux/user/ndisc6-0.9.9/admin/missing --run automake-1.10'
AWK='gawk'
CC='gcc -std=gnu99'
CCDEPMODE='depmode=gcc3'
CFLAGS='-g -O2'
CPP='gcc -std=gnu99 -E'
CPPFLAGS=''
CYGPATH_W='echo'
DEFS='-DHAVE_CONFIG_H'
DEPDIR='.deps'
ECHO_C=''
ECHO_N='-n'
ECHO_T=''
EGREP='/bin/grep -E'
EXEEXT=''
GETTEXT_MACRO_VERSION='0.17'
GMSGFMT='/usr/bin/msgfmt'
GMSGFMT_015='/usr/bin/msgfmt'
GREP='/bin/grep'
INSTALL_DATA='${INSTALL} -m 644'
INSTALL_PROGRAM='${INSTALL}'
INSTALL_SCRIPT='${INSTALL}'
INSTALL_STRIP_PROGRAM='$(install_sh) -c -s'
INTLLIBS=''
INTL_MACOSX_LIBS=''
LDFLAGS=''
LIBICONV='-liconv'
LIBINTL=''
LIBOBJS=''
LIBRT='-lrt'
LIBS=''
LTLIBICONV='-liconv'
LTLIBINTL=''
LTLIBOBJS=''
MAKEINFO='${SHELL} /home/ubicom/ubicom-distro/ubicom-distro/uClinux/user/ndisc6-0.9.9/admin/missing --run makeinfo'
MKDIR_P='/bin/mkdir -p'
MSGFMT='/usr/bin/msgfmt'
MSGFMT_015='/usr/bin/msgfmt'
MSGMERGE='/usr/bin/msgmerge'
NOSUID_FALSE=''
NOSUID_TRUE='#'
OBJEXT='o'
PACKAGE='ndisc6'
PACKAGE_BUGREPORT='rdenis@simphalempin.com'
PACKAGE_NAME='ndisc6'
PACKAGE_STRING='ndisc6 0.9.9'
PACKAGE_TARNAME='ndisc6'
PACKAGE_URL=''
PACKAGE_VERSION='0.9.9'
PATH_SEPARATOR=':'
PERL='/usr/bin/perl'
POSUB='po'
RANLIB='ranlib'
SET_MAKE=''
SHELL='/bin/sh'
STRIP=''
USE_NLS='yes'
VERSION='0.9.9'
XGETTEXT='/usr/bin/xgettext'
XGETTEXT_015='/usr/bin/xgettext'
XGETTEXT_EXTRA_OPTIONS=''
ac_ct_CC='gcc'
am__fastdepCC_FALSE='#'
am__fastdepCC_TRUE=''
am__include='include'
am__isrc=''
am__leading_dot='.'
am__quote=''
am__tar='${AMTAR} chof - "$$tardir"'
am__untar='${AMTAR} xf -'
bindir='${exec_prefix}/bin'
build='i686-pc-linux-gnu'
build_alias=''
build_cpu='i686'
build_os='linux-gnu'
build_vendor='pc'
datadir='${datarootdir}'
datarootdir='${prefix}/share'
docdir='${datarootdir}/doc/${PACKAGE_TARNAME}'
dvidir='${docdir}'
exec_prefix='${prefix}'
host='i686-pc-linux-gnu'
host_alias=''
host_cpu='i686'
host_os='linux-gnu'
host_vendor='pc'
htmldir='${docdir}'
includedir='${prefix}/include'
infodir='${datarootdir}/info'
install_sh='$(SHELL) /home/ubicom/ubicom-distro/ubicom-distro/uClinux/user/ndisc6-0.9.9/admin/install-sh'
libdir='${exec_prefix}/lib'
libexecdir='${exec_prefix}/libexec'
localedir='${datarootdir}/locale'
localstatedir='${prefix}/var'
mandir='${datarootdir}/man'
mkdir_p='/bin/mkdir -p'
oldincludedir='/usr/include'
pdfdir='${docdir}'
prefix='/usr/local'
program_transform_name='s,x,x,'
psdir='${docdir}'
sbindir='${exec_prefix}/sbin'
sharedstatedir='${prefix}/com'
sysconfdir='${prefix}/etc'
target_alias=''

## ----------- ##
## confdefs.h. ##
## ----------- ##

/* confdefs.h */
#define PACKAGE_NAME "ndisc6"
#define PACKAGE_TARNAME "ndisc6"
#define PACKAGE_VERSION "0.9.9"
#define PACKAGE_STRING "ndisc6 0.9.9"
#define PACKAGE_BUGREPORT "rdenis@simphalempin.com"
#define PACKAGE_URL ""
#define PACKAGE_CONFIGURE_INVOCATION "./configure "
#define PACKAGE_BUILD_HOSTNAME "localhost.localdomain"
#define STDC_HEADERS 1
#define HAVE_SYS_TYPES_H 1
#define HAVE_SYS_STAT_H 1
#define HAVE_STDLIB_H 1
#define HAVE_STRING_H 1
#define HAVE_MEMORY_H 1
#define HAVE_STRINGS_H 1
#define HAVE_INTTYPES_H 1
#define HAVE_STDINT_H 1
#define HAVE_UNISTD_H 1
#define __EXTENSIONS__ 1
#define _ALL_SOURCE 1
#define _GNU_SOURCE 1
#define _POSIX_PTHREAD_SEMANTICS 1
#define _TANDEM_SOURCE 1
#define PACKAGE "ndisc6"
#define VERSION "0.9.9"
#define ENABLE_NLS 1
#define HAVE_GETTEXT 1
#define HAVE_DCGETTEXT 1
#define HAVE_GETOPT_H 1
#define HAVE_GETOPT_LONG 1
#define HAVE_CLOCK_NANOSLEEP 1
#define HAVE_FDATASYNC 1
#define HAVE_INET6_RTH_ADD 1
#define HAVE_PPOLL 1

configure: exit 0
