This file contains any messages produced by compilers while
running configure, to aid debugging if configure makes a mistake.

It was created by configure, which was
generated by GNU Autoconf 2.59.  Invocation command line was

  $ ./configure 

## --------- ##
## Platform. ##
## --------- ##

hostname = localhost.localdomain
uname -m = i686
uname -r = 2.6.9-1.667smp
uname -s = Linux
uname -v = #1 SMP Tue Nov 2 14:59:52 EST 2004

/usr/bin/uname -p = unknown
/bin/uname -X     = unknown

/bin/arch              = i686
/usr/bin/arch -k       = unknown
/usr/convex/getsysinfo = unknown
hostinfo               = unknown
/bin/machine           = unknown
/usr/bin/oslevel       = unknown
/bin/universe          = unknown

PATH: /usr/kerberos/sbin
PATH: /usr/kerberos/bin
PATH: /usr/local/sbin
PATH: /usr/local/bin
PATH: /sbin
PATH: /bin
PATH: /usr/sbin
PATH: /usr/bin
PATH: /usr/X11R6/bin
PATH: /root/bin


## ----------- ##
## Core tests. ##
## ----------- ##

configure:1348: checking for gcc
configure:1364: found /usr/bin/gcc
configure:1374: result: gcc
configure:1618: checking for C compiler version
configure:1621: gcc --version </dev/null >&5
gcc (GCC) 3.4.2 20041017 (Red Hat 3.4.2-6.fc3)
Copyright (C) 2004 Free Software Foundation, Inc.
This is free software; see the source for copying conditions.  There is NO
warranty; not even for MERCHANTABILITY or FITNESS FOR A PARTICULAR PURPOSE.

configure:1624: $? = 0
configure:1626: gcc -v </dev/null >&5
Reading specs from /usr/lib/gcc/i386-redhat-linux/3.4.2/specs
Configured with: ../configure --prefix=/usr --mandir=/usr/share/man --infodir=/usr/share/info --enable-shared --enable-threads=posix --disable-checking --with-system-zlib --enable-__cxa_atexit --disable-libunwind-exceptions --enable-java-awt=gtk --host=i386-redhat-linux
Thread model: posix
gcc version 3.4.2 20041017 (Red Hat 3.4.2-6.fc3)
configure:1629: $? = 0
configure:1631: gcc -V </dev/null >&5
gcc: `-V' option must have argument
configure:1634: $? = 1
configure:1657: checking for C compiler default output file name
configure:1660: gcc    conftest.c  >&5
configure:1663: $? = 0
configure:1709: result: a.out
configure:1714: checking whether the C compiler works
configure:1720: ./a.out
configure:1723: $? = 0
configure:1740: result: yes
configure:1747: checking whether we are cross compiling
configure:1749: result: no
configure:1752: checking for suffix of executables
configure:1754: gcc -o conftest    conftest.c  >&5
configure:1757: $? = 0
configure:1782: result: 
configure:1788: checking for suffix of object files
configure:1809: gcc -c   conftest.c >&5
configure:1812: $? = 0
configure:1834: result: o
configure:1838: checking whether we are using the GNU C compiler
configure:1862: gcc -c   conftest.c >&5
configure:1868: $? = 0
configure:1871: test -z 			 || test ! -s conftest.err
configure:1874: $? = 0
configure:1877: test -s conftest.o
configure:1880: $? = 0
configure:1893: result: yes
configure:1899: checking whether gcc accepts -g
configure:1920: gcc -c -g  conftest.c >&5
configure:1926: $? = 0
configure:1929: test -z 			 || test ! -s conftest.err
configure:1932: $? = 0
configure:1935: test -s conftest.o
configure:1938: $? = 0
configure:1949: result: yes
configure:1966: checking for gcc option to accept ANSI C
configure:2036: gcc  -c -g -O2  conftest.c >&5
configure:2042: $? = 0
configure:2045: test -z 			 || test ! -s conftest.err
configure:2048: $? = 0
configure:2051: test -s conftest.o
configure:2054: $? = 0
configure:2072: result: none needed
configure:2090: gcc -c -g -O2  conftest.c >&5
conftest.c:2: error: syntax error before "me"
configure:2096: $? = 1
configure: failed program was:
| #ifndef __cplusplus
|   choke me
| #endif
configure:2267: checking for ranlib
configure:2283: found /usr/bin/ranlib
configure:2294: result: ranlib
configure:2314: checking how to run the C preprocessor
configure:2349: gcc -E  conftest.c
configure:2355: $? = 0
configure:2387: gcc -E  conftest.c
conftest.c:9:28: ac_nonexistent.h: No such file or directory
configure:2393: $? = 1
configure: failed program was:
| /* confdefs.h.  */
| 
| #define PACKAGE_NAME ""
| #define PACKAGE_TARNAME ""
| #define PACKAGE_VERSION ""
| #define PACKAGE_STRING ""
| #define PACKAGE_BUGREPORT ""
| /* end confdefs.h.  */
| #include <ac_nonexistent.h>
configure:2432: result: gcc -E
configure:2456: gcc -E  conftest.c
configure:2462: $? = 0
configure:2494: gcc -E  conftest.c
conftest.c:9:28: ac_nonexistent.h: No such file or directory
configure:2500: $? = 1
configure: failed program was:
| /* confdefs.h.  */
| 
| #define PACKAGE_NAME ""
| #define PACKAGE_TARNAME ""
| #define PACKAGE_VERSION ""
| #define PACKAGE_STRING ""
| #define PACKAGE_BUGREPORT ""
| /* end confdefs.h.  */
| #include <ac_nonexistent.h>
configure:2544: checking for egrep
configure:2554: result: grep -E
configure:2559: checking for ANSI C header files
configure:2584: gcc -c -g -O2  conftest.c >&5
configure:2590: $? = 0
configure:2593: test -z 			 || test ! -s conftest.err
configure:2596: $? = 0
configure:2599: test -s conftest.o
configure:2602: $? = 0
configure:2691: gcc -o conftest -g -O2   conftest.c  >&5
configure:2694: $? = 0
configure:2696: ./conftest
configure:2699: $? = 0
configure:2714: result: yes
configure:2724: checking for sys/wait.h that is POSIX.1 compatible
configure:2755: gcc -c -g -O2  conftest.c >&5
configure:2761: $? = 0
configure:2764: test -z 			 || test ! -s conftest.err
configure:2767: $? = 0
configure:2770: test -s conftest.o
configure:2773: $? = 0
configure:2784: result: yes
configure:2808: checking for sys/types.h
configure:2824: gcc -c -g -O2  conftest.c >&5
configure:2830: $? = 0
configure:2833: test -z 			 || test ! -s conftest.err
configure:2836: $? = 0
configure:2839: test -s conftest.o
configure:2842: $? = 0
configure:2853: result: yes
configure:2808: checking for sys/stat.h
configure:2824: gcc -c -g -O2  conftest.c >&5
configure:2830: $? = 0
configure:2833: test -z 			 || test ! -s conftest.err
configure:2836: $? = 0
configure:2839: test -s conftest.o
configure:2842: $? = 0
configure:2853: result: yes
configure:2808: checking for stdlib.h
configure:2824: gcc -c -g -O2  conftest.c >&5
configure:2830: $? = 0
configure:2833: test -z 			 || test ! -s conftest.err
configure:2836: $? = 0
configure:2839: test -s conftest.o
configure:2842: $? = 0
configure:2853: result: yes
configure:2808: checking for string.h
configure:2824: gcc -c -g -O2  conftest.c >&5
configure:2830: $? = 0
configure:2833: test -z 			 || test ! -s conftest.err
configure:2836: $? = 0
configure:2839: test -s conftest.o
configure:2842: $? = 0
configure:2853: result: yes
configure:2808: checking for memory.h
configure:2824: gcc -c -g -O2  conftest.c >&5
configure:2830: $? = 0
configure:2833: test -z 			 || test ! -s conftest.err
configure:2836: $? = 0
configure:2839: test -s conftest.o
configure:2842: $? = 0
configure:2853: result: yes
configure:2808: checking for strings.h
configure:2824: gcc -c -g -O2  conftest.c >&5
configure:2830: $? = 0
configure:2833: test -z 			 || test ! -s conftest.err
configure:2836: $? = 0
configure:2839: test -s conftest.o
configure:2842: $? = 0
configure:2853: result: yes
configure:2808: checking for inttypes.h
configure:2824: gcc -c -g -O2  conftest.c >&5
configure:2830: $? = 0
configure:2833: test -z 			 || test ! -s conftest.err
configure:2836: $? = 0
configure:2839: test -s conftest.o
configure:2842: $? = 0
configure:2853: result: yes
configure:2808: checking for stdint.h
configure:2824: gcc -c -g -O2  conftest.c >&5
configure:2830: $? = 0
configure:2833: test -z 			 || test ! -s conftest.err
configure:2836: $? = 0
configure:2839: test -s conftest.o
configure:2842: $? = 0
configure:2853: result: yes
configure:2808: checking for unistd.h
configure:2824: gcc -c -g -O2  conftest.c >&5
configure:2830: $? = 0
configure:2833: test -z 			 || test ! -s conftest.err
configure:2836: $? = 0
configure:2839: test -s conftest.o
configure:2842: $? = 0
configure:2853: result: yes
configure:2905: checking fcntl.h usability
configure:2917: gcc -c -g -O2  conftest.c >&5
configure:2923: $? = 0
configure:2926: test -z 			 || test ! -s conftest.err
configure:2929: $? = 0
configure:2932: test -s conftest.o
configure:2935: $? = 0
configure:2945: result: yes
configure:2949: checking fcntl.h presence
configure:2959: gcc -E  conftest.c
configure:2965: $? = 0
configure:2985: result: yes
configure:3020: checking for fcntl.h
configure:3027: result: yes
configure:2905: checking sys/dlpi.h usability
configure:2917: gcc -c -g -O2  conftest.c >&5
conftest.c:55:22: sys/dlpi.h: No such file or directory
configure:2923: $? = 1
configure: failed program was:
| /* confdefs.h.  */
| 
| #define PACKAGE_NAME ""
| #define PACKAGE_TARNAME ""
| #define PACKAGE_VERSION ""
| #define PACKAGE_STRING ""
| #define PACKAGE_BUGREPORT ""
| #define STDC_HEADERS 1
| #define HAVE_SYS_WAIT_H 1
| #define HAVE_SYS_TYPES_H 1
| #define HAVE_SYS_STAT_H 1
| #define HAVE_STDLIB_H 1
| #define HAVE_STRING_H 1
| #define HAVE_MEMORY_H 1
| #define HAVE_STRINGS_H 1
| #define HAVE_INTTYPES_H 1
| #define HAVE_STDINT_H 1
| #define HAVE_UNISTD_H 1
| #define HAVE_FCNTL_H 1
| /* end confdefs.h.  */
| #include <stdio.h>
| #if HAVE_SYS_TYPES_H
| # include <sys/types.h>
| #endif
| #if HAVE_SYS_STAT_H
| # include <sys/stat.h>
| #endif
| #if STDC_HEADERS
| # include <stdlib.h>
| # include <stddef.h>
| #else
| # if HAVE_STDLIB_H
| #  include <stdlib.h>
| # endif
| #endif
| #if HAVE_STRING_H
| # if !STDC_HEADERS && HAVE_MEMORY_H
| #  include <memory.h>
| # endif
| # include <string.h>
| #endif
| #if HAVE_STRINGS_H
| # include <strings.h>
| #endif
| #if HAVE_INTTYPES_H
| # include <inttypes.h>
| #else
| # if HAVE_STDINT_H
| #  include <stdint.h>
| # endif
| #endif
| #if HAVE_UNISTD_H
| # include <unistd.h>
| #endif
| #include <sys/dlpi.h>
configure:2945: result: no
configure:2949: checking sys/dlpi.h presence
configure:2959: gcc -E  conftest.c
conftest.c:21:22: sys/dlpi.h: No such file or directory
configure:2965: $? = 1
configure: failed program was:
| /* confdefs.h.  */
| 
| #define PACKAGE_NAME ""
| #define PACKAGE_TARNAME ""
| #define PACKAGE_VERSION ""
| #define PACKAGE_STRING ""
| #define PACKAGE_BUGREPORT ""
| #define STDC_HEADERS 1
| #define HAVE_SYS_WAIT_H 1
| #define HAVE_SYS_TYPES_H 1
| #define HAVE_SYS_STAT_H 1
| #define HAVE_STDLIB_H 1
| #define HAVE_STRING_H 1
| #define HAVE_MEMORY_H 1
| #define HAVE_STRINGS_H 1
| #define HAVE_INTTYPES_H 1
| #define HAVE_STDINT_H 1
| #define HAVE_UNISTD_H 1
| #define HAVE_FCNTL_H 1
| /* end confdefs.h.  */
| #include <sys/dlpi.h>
configure:2985: result: no
configure:3020: checking for sys/dlpi.h
configure:3027: result: no
configure:2905: checking sys/ioctl.h usability
configure:2917: gcc -c -g -O2  conftest.c >&5
configure:2923: $? = 0
configure:2926: test -z 			 || test ! -s conftest.err
configure:2929: $? = 0
configure:2932: test -s conftest.o
configure:2935: $? = 0
configure:2945: result: yes
configure:2949: checking sys/ioctl.h presence
configure:2959: gcc -E  conftest.c
configure:2965: $? = 0
configure:2985: result: yes
configure:3020: checking for sys/ioctl.h
configure:3027: result: yes
configure:2905: checking sys/time.h usability
configure:2917: gcc -c -g -O2  conftest.c >&5
configure:2923: $? = 0
configure:2926: test -z 			 || test ! -s conftest.err
configure:2929: $? = 0
configure:2932: test -s conftest.o
configure:2935: $? = 0
configure:2945: result: yes
configure:2949: checking sys/time.h presence
configure:2959: gcc -E  conftest.c
configure:2965: $? = 0
configure:2985: result: yes
configure:3020: checking for sys/time.h
configure:3027: result: yes
configure:2905: checking syslog.h usability
configure:2917: gcc -c -g -O2  conftest.c >&5
configure:2923: $? = 0
configure:2926: test -z 			 || test ! -s conftest.err
configure:2929: $? = 0
configure:2932: test -s conftest.o
configure:2935: $? = 0
configure:2945: result: yes
configure:2949: checking syslog.h presence
configure:2959: gcc -E  conftest.c
configure:2965: $? = 0
configure:2985: result: yes
configure:3020: checking for syslog.h
configure:3027: result: yes
configure:2896: checking for unistd.h
configure:2901: result: yes
configure:2905: checking net/if_arp.h usability
configure:2917: gcc -c -g -O2  conftest.c >&5
configure:2923: $? = 0
configure:2926: test -z 			 || test ! -s conftest.err
configure:2929: $? = 0
configure:2932: test -s conftest.o
configure:2935: $? = 0
configure:2945: result: yes
configure:2949: checking net/if_arp.h presence
configure:2959: gcc -E  conftest.c
configure:2965: $? = 0
configure:2985: result: yes
configure:3020: checking for net/if_arp.h
configure:3027: result: yes
configure:2905: checking netinet/if_ether.h usability
configure:2917: gcc -c -g -O2  conftest.c >&5
configure:2923: $? = 0
configure:2926: test -z 			 || test ! -s conftest.err
configure:2929: $? = 0
configure:2932: test -s conftest.o
configure:2935: $? = 0
configure:2945: result: yes
configure:2949: checking netinet/if_ether.h presence
configure:2959: gcc -E  conftest.c
configure:2965: $? = 0
configure:2985: result: yes
configure:3020: checking for netinet/if_ether.h
configure:3027: result: yes
configure:2905: checking getopt.h usability
configure:2917: gcc -c -g -O2  conftest.c >&5
configure:2923: $? = 0
configure:2926: test -z 			 || test ! -s conftest.err
configure:2929: $? = 0
configure:2932: test -s conftest.o
configure:2935: $? = 0
configure:2945: result: yes
configure:2949: checking getopt.h presence
configure:2959: gcc -E  conftest.c
configure:2965: $? = 0
configure:2985: result: yes
configure:3020: checking for getopt.h
configure:3027: result: yes
configure:2905: checking sys/uio.h usability
configure:2917: gcc -c -g -O2  conftest.c >&5
configure:2923: $? = 0
configure:2926: test -z 			 || test ! -s conftest.err
configure:2929: $? = 0
configure:2932: test -s conftest.o
configure:2935: $? = 0
configure:2945: result: yes
configure:2949: checking sys/uio.h presence
configure:2959: gcc -E  conftest.c
configure:2965: $? = 0
configure:2985: result: yes
configure:3020: checking for sys/uio.h
configure:3027: result: yes
configure:2905: checking sys/param.h usability
configure:2917: gcc -c -g -O2  conftest.c >&5
configure:2923: $? = 0
configure:2926: test -z 			 || test ! -s conftest.err
configure:2929: $? = 0
configure:2932: test -s conftest.o
configure:2935: $? = 0
configure:2945: result: yes
configure:2949: checking sys/param.h presence
configure:2959: gcc -E  conftest.c
configure:2965: $? = 0
configure:2985: result: yes
configure:3020: checking for sys/param.h
configure:3027: result: yes
configure:2896: checking for fcntl.h
configure:2901: result: yes
configure:2905: checking net/bpf.h usability
configure:2917: gcc -c -g -O2  conftest.c >&5
conftest.c:65:21: net/bpf.h: No such file or directory
configure:2923: $? = 1
configure: failed program was:
| /* confdefs.h.  */
| 
| #define PACKAGE_NAME ""
| #define PACKAGE_TARNAME ""
| #define PACKAGE_VERSION ""
| #define PACKAGE_STRING ""
| #define PACKAGE_BUGREPORT ""
| #define STDC_HEADERS 1
| #define HAVE_SYS_WAIT_H 1
| #define HAVE_SYS_TYPES_H 1
| #define HAVE_SYS_STAT_H 1
| #define HAVE_STDLIB_H 1
| #define HAVE_STRING_H 1
| #define HAVE_MEMORY_H 1
| #define HAVE_STRINGS_H 1
| #define HAVE_INTTYPES_H 1
| #define HAVE_STDINT_H 1
| #define HAVE_UNISTD_H 1
| #define HAVE_FCNTL_H 1
| #define HAVE_SYS_IOCTL_H 1
| #define HAVE_SYS_TIME_H 1
| #define HAVE_SYSLOG_H 1
| #define HAVE_UNISTD_H 1
| #define HAVE_NET_IF_ARP_H 1
| #define HAVE_NETINET_IF_ETHER_H 1
| #define HAVE_GETOPT_H 1
| #define HAVE_SYS_UIO_H 1
| #define HAVE_SYS_PARAM_H 1
| #define HAVE_FCNTL_H 1
| /* end confdefs.h.  */
| #include <stdio.h>
| #if HAVE_SYS_TYPES_H
| # include <sys/types.h>
| #endif
| #if HAVE_SYS_STAT_H
| # include <sys/stat.h>
| #endif
| #if STDC_HEADERS
| # include <stdlib.h>
| # include <stddef.h>
| #else
| # if HAVE_STDLIB_H
| #  include <stdlib.h>
| # endif
| #endif
| #if HAVE_STRING_H
| # if !STDC_HEADERS && HAVE_MEMORY_H
| #  include <memory.h>
| # endif
| # include <string.h>
| #endif
| #if HAVE_STRINGS_H
| # include <strings.h>
| #endif
| #if HAVE_INTTYPES_H
| # include <inttypes.h>
| #else
| # if HAVE_STDINT_H
| #  include <stdint.h>
| # endif
| #endif
| #if HAVE_UNISTD_H
| # include <unistd.h>
| #endif
| #include <net/bpf.h>
configure:2945: result: no
configure:2949: checking net/bpf.h presence
configure:2959: gcc -E  conftest.c
conftest.c:31:21: net/bpf.h: No such file or directory
configure:2965: $? = 1
configure: failed program was:
| /* confdefs.h.  */
| 
| #define PACKAGE_NAME ""
| #define PACKAGE_TARNAME ""
| #define PACKAGE_VERSION ""
| #define PACKAGE_STRING ""
| #define PACKAGE_BUGREPORT ""
| #define STDC_HEADERS 1
| #define HAVE_SYS_WAIT_H 1
| #define HAVE_SYS_TYPES_H 1
| #define HAVE_SYS_STAT_H 1
| #define HAVE_STDLIB_H 1
| #define HAVE_STRING_H 1
| #define HAVE_MEMORY_H 1
| #define HAVE_STRINGS_H 1
| #define HAVE_INTTYPES_H 1
| #define HAVE_STDINT_H 1
| #define HAVE_UNISTD_H 1
| #define HAVE_FCNTL_H 1
| #define HAVE_SYS_IOCTL_H 1
| #define HAVE_SYS_TIME_H 1
| #define HAVE_SYSLOG_H 1
| #define HAVE_UNISTD_H 1
| #define HAVE_NET_IF_ARP_H 1
| #define HAVE_NETINET_IF_ETHER_H 1
| #define HAVE_GETOPT_H 1
| #define HAVE_SYS_UIO_H 1
| #define HAVE_SYS_PARAM_H 1
| #define HAVE_FCNTL_H 1
| /* end confdefs.h.  */
| #include <net/bpf.h>
configure:2985: result: no
configure:3020: checking for net/bpf.h
configure:3027: result: no
configure:2905: checking netpacket/packet.h usability
configure:2917: gcc -c -g -O2  conftest.c >&5
configure:2923: $? = 0
configure:2926: test -z 			 || test ! -s conftest.err
configure:2929: $? = 0
configure:2932: test -s conftest.o
configure:2935: $? = 0
configure:2945: result: yes
configure:2949: checking netpacket/packet.h presence
configure:2959: gcc -E  conftest.c
configure:2965: $? = 0
configure:2985: result: yes
configure:3020: checking for netpacket/packet.h
configure:3027: result: yes
configure:2905: checking net/ethernet.h usability
configure:2917: gcc -c -g -O2  conftest.c >&5
configure:2923: $? = 0
configure:2926: test -z 			 || test ! -s conftest.err
configure:2929: $? = 0
configure:2932: test -s conftest.o
configure:2935: $? = 0
configure:2945: result: yes
configure:2949: checking net/ethernet.h presence
configure:2959: gcc -E  conftest.c
configure:2965: $? = 0
configure:2985: result: yes
configure:3020: checking for net/ethernet.h
configure:3027: result: yes
configure:2905: checking asm/types.h usability
configure:2917: gcc -c -g -O2  conftest.c >&5
configure:2923: $? = 0
configure:2926: test -z 			 || test ! -s conftest.err
configure:2929: $? = 0
configure:2932: test -s conftest.o
configure:2935: $? = 0
configure:2945: result: yes
configure:2949: checking asm/types.h presence
configure:2959: gcc -E  conftest.c
configure:2965: $? = 0
configure:2985: result: yes
configure:3020: checking for asm/types.h
configure:3027: result: yes
configure:2905: checking linux/if_packet.h usability
configure:2917: gcc -c -g -O2  conftest.c >&5
configure:2923: $? = 0
configure:2926: test -z 			 || test ! -s conftest.err
configure:2929: $? = 0
configure:2932: test -s conftest.o
configure:2935: $? = 0
configure:2945: result: yes
configure:2949: checking linux/if_packet.h presence
configure:2959: gcc -E  conftest.c
configure:2965: $? = 0
configure:2985: result: yes
configure:3020: checking for linux/if_packet.h
configure:3027: result: yes
configure:2905: checking linux/if_ether.h usability
configure:2917: gcc -c -g -O2  conftest.c >&5
configure:2923: $? = 0
configure:2926: test -z 			 || test ! -s conftest.err
configure:2929: $? = 0
configure:2932: test -s conftest.o
configure:2935: $? = 0
configure:2945: result: yes
configure:2949: checking linux/if_ether.h presence
configure:2959: gcc -E  conftest.c
configure:2965: $? = 0
configure:2985: result: yes
configure:3020: checking for linux/if_ether.h
configure:3027: result: yes
configure:2905: checking sys/socket.h usability
configure:2917: gcc -c -g -O2  conftest.c >&5
configure:2923: $? = 0
configure:2926: test -z 			 || test ! -s conftest.err
configure:2929: $? = 0
configure:2932: test -s conftest.o
configure:2935: $? = 0
configure:2945: result: yes
configure:2949: checking sys/socket.h presence
configure:2959: gcc -E  conftest.c
configure:2965: $? = 0
configure:2985: result: yes
configure:3020: checking for sys/socket.h
configure:3027: result: yes
configure:2905: checking sys/cdefs.h usability
configure:2917: gcc -c -g -O2  conftest.c >&5
configure:2923: $? = 0
configure:2926: test -z 			 || test ! -s conftest.err
configure:2929: $? = 0
configure:2932: test -s conftest.o
configure:2935: $? = 0
configure:2945: result: yes
configure:2949: checking sys/cdefs.h presence
configure:2959: gcc -E  conftest.c
configure:2965: $? = 0
configure:2985: result: yes
configure:3020: checking for sys/cdefs.h
configure:3027: result: yes
configure:2905: checking net/if.h usability
configure:2917: gcc -c -g -O2  conftest.c >&5
configure:2923: $? = 0
configure:2926: test -z 			 || test ! -s conftest.err
configure:2929: $? = 0
configure:2932: test -s conftest.o
configure:2935: $? = 0
configure:2945: result: yes
configure:2949: checking net/if.h presence
configure:2959: gcc -E  conftest.c
configure:2965: $? = 0
configure:2985: result: yes
configure:3020: checking for net/if.h
configure:3027: result: yes
configure:2905: checking net/if_dl.h usability
configure:2917: gcc -c -g -O2  conftest.c >&5
conftest.c:73:23: net/if_dl.h: No such file or directory
configure:2923: $? = 1
configure: failed program was:
| /* confdefs.h.  */
| 
| #define PACKAGE_NAME ""
| #define PACKAGE_TARNAME ""
| #define PACKAGE_VERSION ""
| #define PACKAGE_STRING ""
| #define PACKAGE_BUGREPORT ""
| #define STDC_HEADERS 1
| #define HAVE_SYS_WAIT_H 1
| #define HAVE_SYS_TYPES_H 1
| #define HAVE_SYS_STAT_H 1
| #define HAVE_STDLIB_H 1
| #define HAVE_STRING_H 1
| #define HAVE_MEMORY_H 1
| #define HAVE_STRINGS_H 1
| #define HAVE_INTTYPES_H 1
| #define HAVE_STDINT_H 1
| #define HAVE_UNISTD_H 1
| #define HAVE_FCNTL_H 1
| #define HAVE_SYS_IOCTL_H 1
| #define HAVE_SYS_TIME_H 1
| #define HAVE_SYSLOG_H 1
| #define HAVE_UNISTD_H 1
| #define HAVE_NET_IF_ARP_H 1
| #define HAVE_NETINET_IF_ETHER_H 1
| #define HAVE_GETOPT_H 1
| #define HAVE_SYS_UIO_H 1
| #define HAVE_SYS_PARAM_H 1
| #define HAVE_FCNTL_H 1
| #define HAVE_NETPACKET_PACKET_H 1
| #define HAVE_NET_ETHERNET_H 1
| #define HAVE_ASM_TYPES_H 1
| #define HAVE_LINUX_IF_PACKET_H 1
| #define HAVE_LINUX_IF_ETHER_H 1
| #define HAVE_SYS_SOCKET_H 1
| #define HAVE_SYS_CDEFS_H 1
| #define HAVE_NET_IF_H 1
| /* end confdefs.h.  */
| #include <stdio.h>
| #if HAVE_SYS_TYPES_H
| # include <sys/types.h>
| #endif
| #if HAVE_SYS_STAT_H
| # include <sys/stat.h>
| #endif
| #if STDC_HEADERS
| # include <stdlib.h>
| # include <stddef.h>
| #else
| # if HAVE_STDLIB_H
| #  include <stdlib.h>
| # endif
| #endif
| #if HAVE_STRING_H
| # if !STDC_HEADERS && HAVE_MEMORY_H
| #  include <memory.h>
| # endif
| # include <string.h>
| #endif
| #if HAVE_STRINGS_H
| # include <strings.h>
| #endif
| #if HAVE_INTTYPES_H
| # include <inttypes.h>
| #else
| # if HAVE_STDINT_H
| #  include <stdint.h>
| # endif
| #endif
| #if HAVE_UNISTD_H
| # include <unistd.h>
| #endif
| #include <net/if_dl.h>
configure:2945: result: no
configure:2949: checking net/if_dl.h presence
configure:2959: gcc -E  conftest.c
conftest.c:39:23: net/if_dl.h: No such file or directory
configure:2965: $? = 1
configure: failed program was:
| /* confdefs.h.  */
| 
| #define PACKAGE_NAME ""
| #define PACKAGE_TARNAME ""
| #define PACKAGE_VERSION ""
| #define PACKAGE_STRING ""
| #define PACKAGE_BUGREPORT ""
| #define STDC_HEADERS 1
| #define HAVE_SYS_WAIT_H 1
| #define HAVE_SYS_TYPES_H 1
| #define HAVE_SYS_STAT_H 1
| #define HAVE_STDLIB_H 1
| #define HAVE_STRING_H 1
| #define HAVE_MEMORY_H 1
| #define HAVE_STRINGS_H 1
| #define HAVE_INTTYPES_H 1
| #define HAVE_STDINT_H 1
| #define HAVE_UNISTD_H 1
| #define HAVE_FCNTL_H 1
| #define HAVE_SYS_IOCTL_H 1
| #define HAVE_SYS_TIME_H 1
| #define HAVE_SYSLOG_H 1
| #define HAVE_UNISTD_H 1
| #define HAVE_NET_IF_ARP_H 1
| #define HAVE_NETINET_IF_ETHER_H 1
| #define HAVE_GETOPT_H 1
| #define HAVE_SYS_UIO_H 1
| #define HAVE_SYS_PARAM_H 1
| #define HAVE_FCNTL_H 1
| #define HAVE_NETPACKET_PACKET_H 1
| #define HAVE_NET_ETHERNET_H 1
| #define HAVE_ASM_TYPES_H 1
| #define HAVE_LINUX_IF_PACKET_H 1
| #define HAVE_LINUX_IF_ETHER_H 1
| #define HAVE_SYS_SOCKET_H 1
| #define HAVE_SYS_CDEFS_H 1
| #define HAVE_NET_IF_H 1
| /* end confdefs.h.  */
| #include <net/if_dl.h>
configure:2985: result: no
configure:3020: checking for net/if_dl.h
configure:3027: result: no
configure:2905: checking net/if_ether.h usability
configure:2917: gcc -c -g -O2  conftest.c >&5
conftest.c:73:26: net/if_ether.h: No such file or directory
configure:2923: $? = 1
configure: failed program was:
| /* confdefs.h.  */
| 
| #define PACKAGE_NAME ""
| #define PACKAGE_TARNAME ""
| #define PACKAGE_VERSION ""
| #define PACKAGE_STRING ""
| #define PACKAGE_BUGREPORT ""
| #define STDC_HEADERS 1
| #define HAVE_SYS_WAIT_H 1
| #define HAVE_SYS_TYPES_H 1
| #define HAVE_SYS_STAT_H 1
| #define HAVE_STDLIB_H 1
| #define HAVE_STRING_H 1
| #define HAVE_MEMORY_H 1
| #define HAVE_STRINGS_H 1
| #define HAVE_INTTYPES_H 1
| #define HAVE_STDINT_H 1
| #define HAVE_UNISTD_H 1
| #define HAVE_FCNTL_H 1
| #define HAVE_SYS_IOCTL_H 1
| #define HAVE_SYS_TIME_H 1
| #define HAVE_SYSLOG_H 1
| #define HAVE_UNISTD_H 1
| #define HAVE_NET_IF_ARP_H 1
| #define HAVE_NETINET_IF_ETHER_H 1
| #define HAVE_GETOPT_H 1
| #define HAVE_SYS_UIO_H 1
| #define HAVE_SYS_PARAM_H 1
| #define HAVE_FCNTL_H 1
| #define HAVE_NETPACKET_PACKET_H 1
| #define HAVE_NET_ETHERNET_H 1
| #define HAVE_ASM_TYPES_H 1
| #define HAVE_LINUX_IF_PACKET_H 1
| #define HAVE_LINUX_IF_ETHER_H 1
| #define HAVE_SYS_SOCKET_H 1
| #define HAVE_SYS_CDEFS_H 1
| #define HAVE_NET_IF_H 1
| /* end confdefs.h.  */
| #include <stdio.h>
| #if HAVE_SYS_TYPES_H
| # include <sys/types.h>
| #endif
| #if HAVE_SYS_STAT_H
| # include <sys/stat.h>
| #endif
| #if STDC_HEADERS
| # include <stdlib.h>
| # include <stddef.h>
| #else
| # if HAVE_STDLIB_H
| #  include <stdlib.h>
| # endif
| #endif
| #if HAVE_STRING_H
| # if !STDC_HEADERS && HAVE_MEMORY_H
| #  include <memory.h>
| # endif
| # include <string.h>
| #endif
| #if HAVE_STRINGS_H
| # include <strings.h>
| #endif
| #if HAVE_INTTYPES_H
| # include <inttypes.h>
| #else
| # if HAVE_STDINT_H
| #  include <stdint.h>
| # endif
| #endif
| #if HAVE_UNISTD_H
| # include <unistd.h>
| #endif
| #include <net/if_ether.h>
configure:2945: result: no
configure:2949: checking net/if_ether.h presence
configure:2959: gcc -E  conftest.c
conftest.c:39:26: net/if_ether.h: No such file or directory
configure:2965: $? = 1
configure: failed program was:
| /* confdefs.h.  */
| 
| #define PACKAGE_NAME ""
| #define PACKAGE_TARNAME ""
| #define PACKAGE_VERSION ""
| #define PACKAGE_STRING ""
| #define PACKAGE_BUGREPORT ""
| #define STDC_HEADERS 1
| #define HAVE_SYS_WAIT_H 1
| #define HAVE_SYS_TYPES_H 1
| #define HAVE_SYS_STAT_H 1
| #define HAVE_STDLIB_H 1
| #define HAVE_STRING_H 1
| #define HAVE_MEMORY_H 1
| #define HAVE_STRINGS_H 1
| #define HAVE_INTTYPES_H 1
| #define HAVE_STDINT_H 1
| #define HAVE_UNISTD_H 1
| #define HAVE_FCNTL_H 1
| #define HAVE_SYS_IOCTL_H 1
| #define HAVE_SYS_TIME_H 1
| #define HAVE_SYSLOG_H 1
| #define HAVE_UNISTD_H 1
| #define HAVE_NET_IF_ARP_H 1
| #define HAVE_NETINET_IF_ETHER_H 1
| #define HAVE_GETOPT_H 1
| #define HAVE_SYS_UIO_H 1
| #define HAVE_SYS_PARAM_H 1
| #define HAVE_FCNTL_H 1
| #define HAVE_NETPACKET_PACKET_H 1
| #define HAVE_NET_ETHERNET_H 1
| #define HAVE_ASM_TYPES_H 1
| #define HAVE_LINUX_IF_PACKET_H 1
| #define HAVE_LINUX_IF_ETHER_H 1
| #define HAVE_SYS_SOCKET_H 1
| #define HAVE_SYS_CDEFS_H 1
| #define HAVE_NET_IF_H 1
| /* end confdefs.h.  */
| #include <net/if_ether.h>
configure:2985: result: no
configure:3020: checking for net/if_ether.h
configure:3027: result: no
configure:2905: checking net/if_types.h usability
configure:2917: gcc -c -g -O2  conftest.c >&5
conftest.c:73:26: net/if_types.h: No such file or directory
configure:2923: $? = 1
configure: failed program was:
| /* confdefs.h.  */
| 
| #define PACKAGE_NAME ""
| #define PACKAGE_TARNAME ""
| #define PACKAGE_VERSION ""
| #define PACKAGE_STRING ""
| #define PACKAGE_BUGREPORT ""
| #define STDC_HEADERS 1
| #define HAVE_SYS_WAIT_H 1
| #define HAVE_SYS_TYPES_H 1
| #define HAVE_SYS_STAT_H 1
| #define HAVE_STDLIB_H 1
| #define HAVE_STRING_H 1
| #define HAVE_MEMORY_H 1
| #define HAVE_STRINGS_H 1
| #define HAVE_INTTYPES_H 1
| #define HAVE_STDINT_H 1
| #define HAVE_UNISTD_H 1
| #define HAVE_FCNTL_H 1
| #define HAVE_SYS_IOCTL_H 1
| #define HAVE_SYS_TIME_H 1
| #define HAVE_SYSLOG_H 1
| #define HAVE_UNISTD_H 1
| #define HAVE_NET_IF_ARP_H 1
| #define HAVE_NETINET_IF_ETHER_H 1
| #define HAVE_GETOPT_H 1
| #define HAVE_SYS_UIO_H 1
| #define HAVE_SYS_PARAM_H 1
| #define HAVE_FCNTL_H 1
| #define HAVE_NETPACKET_PACKET_H 1
| #define HAVE_NET_ETHERNET_H 1
| #define HAVE_ASM_TYPES_H 1
| #define HAVE_LINUX_IF_PACKET_H 1
| #define HAVE_LINUX_IF_ETHER_H 1
| #define HAVE_SYS_SOCKET_H 1
| #define HAVE_SYS_CDEFS_H 1
| #define HAVE_NET_IF_H 1
| /* end confdefs.h.  */
| #include <stdio.h>
| #if HAVE_SYS_TYPES_H
| # include <sys/types.h>
| #endif
| #if HAVE_SYS_STAT_H
| # include <sys/stat.h>
| #endif
| #if STDC_HEADERS
| # include <stdlib.h>
| # include <stddef.h>
| #else
| # if HAVE_STDLIB_H
| #  include <stdlib.h>
| # endif
| #endif
| #if HAVE_STRING_H
| # if !STDC_HEADERS && HAVE_MEMORY_H
| #  include <memory.h>
| # endif
| # include <string.h>
| #endif
| #if HAVE_STRINGS_H
| # include <strings.h>
| #endif
| #if HAVE_INTTYPES_H
| # include <inttypes.h>
| #else
| # if HAVE_STDINT_H
| #  include <stdint.h>
| # endif
| #endif
| #if HAVE_UNISTD_H
| # include <unistd.h>
| #endif
| #include <net/if_types.h>
configure:2945: result: no
configure:2949: checking net/if_types.h presence
configure:2959: gcc -E  conftest.c
conftest.c:39:26: net/if_types.h: No such file or directory
configure:2965: $? = 1
configure: failed program was:
| /* confdefs.h.  */
| 
| #define PACKAGE_NAME ""
| #define PACKAGE_TARNAME ""
| #define PACKAGE_VERSION ""
| #define PACKAGE_STRING ""
| #define PACKAGE_BUGREPORT ""
| #define STDC_HEADERS 1
| #define HAVE_SYS_WAIT_H 1
| #define HAVE_SYS_TYPES_H 1
| #define HAVE_SYS_STAT_H 1
| #define HAVE_STDLIB_H 1
| #define HAVE_STRING_H 1
| #define HAVE_MEMORY_H 1
| #define HAVE_STRINGS_H 1
| #define HAVE_INTTYPES_H 1
| #define HAVE_STDINT_H 1
| #define HAVE_UNISTD_H 1
| #define HAVE_FCNTL_H 1
| #define HAVE_SYS_IOCTL_H 1
| #define HAVE_SYS_TIME_H 1
| #define HAVE_SYSLOG_H 1
| #define HAVE_UNISTD_H 1
| #define HAVE_NET_IF_ARP_H 1
| #define HAVE_NETINET_IF_ETHER_H 1
| #define HAVE_GETOPT_H 1
| #define HAVE_SYS_UIO_H 1
| #define HAVE_SYS_PARAM_H 1
| #define HAVE_FCNTL_H 1
| #define HAVE_NETPACKET_PACKET_H 1
| #define HAVE_NET_ETHERNET_H 1
| #define HAVE_ASM_TYPES_H 1
| #define HAVE_LINUX_IF_PACKET_H 1
| #define HAVE_LINUX_IF_ETHER_H 1
| #define HAVE_SYS_SOCKET_H 1
| #define HAVE_SYS_CDEFS_H 1
| #define HAVE_NET_IF_H 1
| /* end confdefs.h.  */
| #include <net/if_types.h>
configure:2985: result: no
configure:3020: checking for net/if_types.h
configure:3027: result: no
configure:2896: checking for netinet/if_ether.h
configure:2901: result: yes
configure:2896: checking for net/if_types.h
configure:2901: result: no
configure:2896: checking for net/if_dl.h
configure:2901: result: no
configure:3044: checking for linux/if.h
configure:3060: gcc -c -g -O2  conftest.c >&5
configure:3066: $? = 0
configure:3069: test -z 			 || test ! -s conftest.err
configure:3072: $? = 0
configure:3075: test -s conftest.o
configure:3078: $? = 0
configure:3089: result: yes
configure:3104: checking for linux/if_pppox.h
configure:3124: gcc -c -g -O2  conftest.c >&5
configure:3130: $? = 0
configure:3133: test -z 			 || test ! -s conftest.err
configure:3136: $? = 0
configure:3139: test -s conftest.o
configure:3142: $? = 0
configure:3153: result: yes
configure:3165: checking for an ANSI C-conforming const
configure:3232: gcc -c -g -O2  conftest.c >&5
configure:3238: $? = 0
configure:3241: test -z 			 || test ! -s conftest.err
configure:3244: $? = 0
configure:3247: test -s conftest.o
configure:3250: $? = 0
configure:3261: result: yes
configure:3271: checking for pid_t
configure:3295: gcc -c -g -O2  conftest.c >&5
configure:3301: $? = 0
configure:3304: test -z 			 || test ! -s conftest.err
configure:3307: $? = 0
configure:3310: test -s conftest.o
configure:3313: $? = 0
configure:3324: result: yes
configure:3336: checking whether time.h and sys/time.h may both be included
configure:3361: gcc -c -g -O2  conftest.c >&5
configure:3367: $? = 0
configure:3370: test -z 			 || test ! -s conftest.err
configure:3373: $? = 0
configure:3376: test -s conftest.o
configure:3379: $? = 0
configure:3390: result: yes
configure:3400: checking whether struct tm is in sys/time.h or time.h
configure:3423: gcc -c -g -O2  conftest.c >&5
configure:3429: $? = 0
configure:3432: test -z 			 || test ! -s conftest.err
configure:3435: $? = 0
configure:3438: test -s conftest.o
configure:3441: $? = 0
configure:3452: result: time.h
configure:3463: checking for struct sockaddr_ll
configure:3484: gcc -c -g -O2  conftest.c >&5
configure:3490: $? = 0
configure:3493: test -z 			 || test ! -s conftest.err
configure:3496: $? = 0
configure:3499: test -s conftest.o
configure:3502: $? = 0
configure:3512: result: yes
configure:3522: checking for N_HDLC line discipline
configure:3540: gcc -c -g -O2  conftest.c >&5
configure:3546: $? = 0
configure:3549: test -z 			 || test ! -s conftest.err
configure:3552: $? = 0
configure:3555: test -s conftest.o
configure:3558: $? = 0
configure:3568: result: yes
configure:3685: checking for working memcmp
configure:3733: gcc -o conftest -g -O2   conftest.c  >&5
configure:3736: $? = 0
configure:3738: ./conftest
configure:3741: $? = 0
configure:3755: result: yes
configure:3766: checking for function prototypes
configure:3769: result: yes
configure:3786: checking whether setvbuf arguments are reversed
configure:3811: gcc -o conftest -g -O2   conftest.c  >&5
conftest.c:49: error: conflicting types for 'setvbuf'
/usr/include/stdio.h:304: error: previous declaration of 'setvbuf' was here
conftest.c:49: error: conflicting types for 'setvbuf'
/usr/include/stdio.h:304: error: previous declaration of 'setvbuf' was here
configure:3817: $? = 1
configure: failed program was:
| /* confdefs.h.  */
| 
| #define PACKAGE_NAME ""
| #define PACKAGE_TARNAME ""
| #define PACKAGE_VERSION ""
| #define PACKAGE_STRING ""
| #define PACKAGE_BUGREPORT ""
| #define STDC_HEADERS 1
| #define HAVE_SYS_WAIT_H 1
| #define HAVE_SYS_TYPES_H 1
| #define HAVE_SYS_STAT_H 1
| #define HAVE_STDLIB_H 1
| #define HAVE_STRING_H 1
| #define HAVE_MEMORY_H 1
| #define HAVE_STRINGS_H 1
| #define HAVE_INTTYPES_H 1
| #define HAVE_STDINT_H 1
| #define HAVE_UNISTD_H 1
| #define HAVE_FCNTL_H 1
| #define HAVE_SYS_IOCTL_H 1
| #define HAVE_SYS_TIME_H 1
| #define HAVE_SYSLOG_H 1
| #define HAVE_UNISTD_H 1
| #define HAVE_NET_IF_ARP_H 1
| #define HAVE_NETINET_IF_ETHER_H 1
| #define HAVE_GETOPT_H 1
| #define HAVE_SYS_UIO_H 1
| #define HAVE_SYS_PARAM_H 1
| #define HAVE_FCNTL_H 1
| #define HAVE_NETPACKET_PACKET_H 1
| #define HAVE_NET_ETHERNET_H 1
| #define HAVE_ASM_TYPES_H 1
| #define HAVE_LINUX_IF_PACKET_H 1
| #define HAVE_LINUX_IF_ETHER_H 1
| #define HAVE_SYS_SOCKET_H 1
| #define HAVE_SYS_CDEFS_H 1
| #define HAVE_NET_IF_H 1
| #define HAVE_NETINET_IF_ETHER_H 1
| #define HAVE_LINUX_IF_H 1
| #define HAVE_LINUX_IF_PPPOX_H 1
| #define TIME_WITH_SYS_TIME 1
| #define HAVE_STRUCT_SOCKADDR_LL 1
| #define HAVE_N_HDLC 1
| #define PROTOTYPES 1
| #define __PROTOTYPES 1
| /* end confdefs.h.  */
| #include <stdio.h>
| #	  if PROTOTYPES
| 	   int (setvbuf) (FILE *, int, char *, size_t);
| #	  endif
| int
| main ()
| {
| char buf; return setvbuf (stdout, _IOLBF, &buf, 1);
|   ;
|   return 0;
| }
configure:3936: result: no
configure:3946: checking return type of signal handlers
configure:3977: gcc -c -g -O2  conftest.c >&5
configure:3983: $? = 0
configure:3986: test -z 			 || test ! -s conftest.err
configure:3989: $? = 0
configure:3992: test -s conftest.o
configure:3995: $? = 0
configure:4006: result: void
configure:4021: checking for select
configure:4078: gcc -o conftest -g -O2   conftest.c  >&5
configure:4084: $? = 0
configure:4087: test -z 			 || test ! -s conftest.err
configure:4090: $? = 0
configure:4093: test -s conftest
configure:4096: $? = 0
configure:4108: result: yes
configure:4021: checking for socket
configure:4078: gcc -o conftest -g -O2   conftest.c  >&5
configure:4084: $? = 0
configure:4087: test -z 			 || test ! -s conftest.err
configure:4090: $? = 0
configure:4093: test -s conftest
configure:4096: $? = 0
configure:4108: result: yes
configure:4021: checking for strerror
configure:4078: gcc -o conftest -g -O2   conftest.c  >&5
configure:4084: $? = 0
configure:4087: test -z 			 || test ! -s conftest.err
configure:4090: $? = 0
configure:4093: test -s conftest
configure:4096: $? = 0
configure:4108: result: yes
configure:4021: checking for strtol
configure:4078: gcc -o conftest -g -O2   conftest.c  >&5
configure:4084: $? = 0
configure:4087: test -z 			 || test ! -s conftest.err
configure:4090: $? = 0
configure:4093: test -s conftest
configure:4096: $? = 0
configure:4108: result: yes
configure:4156: checking for a BSD-compatible install
configure:4211: result: /usr/bin/install -c
configure:4223: checking for unsigned short
configure:4247: gcc -c -g -O2  conftest.c >&5
configure:4253: $? = 0
configure:4256: test -z 			 || test ! -s conftest.err
configure:4259: $? = 0
configure:4262: test -s conftest.o
configure:4265: $? = 0
configure:4276: result: yes
configure:4279: checking size of unsigned short
configure:4591: gcc -o conftest -g -O2   conftest.c  >&5
configure:4594: $? = 0
configure:4596: ./conftest
configure:4599: $? = 0
configure:4622: result: 2
configure:4629: checking for unsigned int
configure:4653: gcc -c -g -O2  conftest.c >&5
configure:4659: $? = 0
configure:4662: test -z 			 || test ! -s conftest.err
configure:4665: $? = 0
configure:4668: test -s conftest.o
configure:4671: $? = 0
configure:4682: result: yes
configure:4685: checking size of unsigned int
configure:4997: gcc -o conftest -g -O2   conftest.c  >&5
configure:5000: $? = 0
configure:5002: ./conftest
configure:5005: $? = 0
configure:5028: result: 4
configure:5035: checking for unsigned long
configure:5059: gcc -c -g -O2  conftest.c >&5
configure:5065: $? = 0
configure:5068: test -z 			 || test ! -s conftest.err
configure:5071: $? = 0
configure:5074: test -s conftest.o
configure:5077: $? = 0
configure:5088: result: yes
configure:5091: checking size of unsigned long
configure:5403: gcc -o conftest -g -O2   conftest.c  >&5
configure:5406: $? = 0
configure:5408: ./conftest
configure:5411: $? = 0
configure:5434: result: 4
configure:5444: checking for pppd
configure:5463: found /usr/local/sbin/pppd
configure:5476: result: /usr/local/sbin/pppd
configure:5485: checking for echo
configure:5503: found /bin/echo
configure:5516: result: /bin/echo
configure:5526: checking for setsid
configure:5545: found /usr/bin/setsid
configure:5558: result: /usr/bin/setsid
configure:5568: checking for id
configure:5587: found /usr/bin/id
configure:5600: result: /usr/bin/id
configure:5608: checking for Linux 2.4.X kernel-mode PPPoE support
configure:5643: gcc -o conftest -g -O2   conftest.c  >&5
configure:5646: $? = 0
configure:5648: ./conftest
configure:5651: $? = 0
configure:5671: result: yes
configure:5730: checking packing order of bit fields
configure:5766: gcc -o conftest -g -O2 -Wall -Wstrict-prototypes -ansi   conftest.c  >&5
configure:5769: $? = 0
configure:5771: ./conftest
configure:5774: $? = 1
configure: program exited with status 1
configure: failed program was:
| /* confdefs.h.  */
| 
| #define PACKAGE_NAME ""
| #define PACKAGE_TARNAME ""
| #define PACKAGE_VERSION ""
| #define PACKAGE_STRING ""
| #define PACKAGE_BUGREPORT ""
| #define STDC_HEADERS 1
| #define HAVE_SYS_WAIT_H 1
| #define HAVE_SYS_TYPES_H 1
| #define HAVE_SYS_STAT_H 1
| #define HAVE_STDLIB_H 1
| #define HAVE_STRING_H 1
| #define HAVE_MEMORY_H 1
| #define HAVE_STRINGS_H 1
| #define HAVE_INTTYPES_H 1
| #define HAVE_STDINT_H 1
| #define HAVE_UNISTD_H 1
| #define HAVE_FCNTL_H 1
| #define HAVE_SYS_IOCTL_H 1
| #define HAVE_SYS_TIME_H 1
| #define HAVE_SYSLOG_H 1
| #define HAVE_UNISTD_H 1
| #define HAVE_NET_IF_ARP_H 1
| #define HAVE_NETINET_IF_ETHER_H 1
| #define HAVE_GETOPT_H 1
| #define HAVE_SYS_UIO_H 1
| #define HAVE_SYS_PARAM_H 1
| #define HAVE_FCNTL_H 1
| #define HAVE_NETPACKET_PACKET_H 1
| #define HAVE_NET_ETHERNET_H 1
| #define HAVE_ASM_TYPES_H 1
| #define HAVE_LINUX_IF_PACKET_H 1
| #define HAVE_LINUX_IF_ETHER_H 1
| #define HAVE_SYS_SOCKET_H 1
| #define HAVE_SYS_CDEFS_H 1
| #define HAVE_NET_IF_H 1
| #define HAVE_NETINET_IF_ETHER_H 1
| #define HAVE_LINUX_IF_H 1
| #define HAVE_LINUX_IF_PPPOX_H 1
| #define TIME_WITH_SYS_TIME 1
| #define HAVE_STRUCT_SOCKADDR_LL 1
| #define HAVE_N_HDLC 1
| #define PROTOTYPES 1
| #define __PROTOTYPES 1
| #define RETSIGTYPE void
| #define HAVE_SELECT 1
| #define HAVE_SOCKET 1
| #define HAVE_STRERROR 1
| #define HAVE_STRTOL 1
| #define SIZEOF_UNSIGNED_SHORT 2
| #define SIZEOF_UNSIGNED_INT 4
| #define SIZEOF_UNSIGNED_LONG 4
| /* end confdefs.h.  */
| 
| union foo {
|     struct bar {
| 	unsigned int ver:4;
| 	unsigned int type:4;
|     } bb;
|     unsigned char baz;
| };
| 
| int
| main(void)
| {
|     union foo x;
|     x.bb.ver = 1;
|     x.bb.type = 2;
|     if (x.baz == 0x21) {
| 	return 1;
|     } else if (x.baz == 0x12) {
| 	return 0;
|     } else {
| 	return 2;
|     }
| }
configure:5789: result: reversed
configure:5959: creating ./config.status

## ---------------------- ##
## Running config.status. ##
## ---------------------- ##

This file was extended by config.status, which was
generated by GNU Autoconf 2.59.  Invocation command line was

  CONFIG_FILES    = 
  CONFIG_HEADERS  = 
  CONFIG_LINKS    = 
  CONFIG_COMMANDS = 
  $ ./config.status 

on localhost.localdomain

config.status:720: creating Makefile
config.status:720: creating libevent/Makefile
config.status:720: creating ../scripts/pppoe-connect
config.status:720: creating ../scripts/pppoe-start
config.status:720: creating ../scripts/pppoe-stop
config.status:720: creating ../scripts/pppoe-init
config.status:720: creating ../scripts/pppoe-init-suse
config.status:720: creating ../scripts/pppoe-init-turbolinux
config.status:720: creating ../scripts/pppoe-setup
config.status:720: creating ../gui/Makefile
config.status:720: creating ../gui/tkpppoe
config.status:786: creating config.h
configure:7014: result: On this platform, the following targets will be built:
configure:7016: result: pppoe pppoe-server pppoe-sniff pppoe-relay
configure:7018: result: Type 'make' to compile the software.

## ---------------- ##
## Cache variables. ##
## ---------------- ##

ac_cv_c_compiler_gnu=yes
ac_cv_c_const=yes
ac_cv_env_CC_set=
ac_cv_env_CC_value=
ac_cv_env_CFLAGS_set=
ac_cv_env_CFLAGS_value=
ac_cv_env_CPPFLAGS_set=
ac_cv_env_CPPFLAGS_value=
ac_cv_env_CPP_set=
ac_cv_env_CPP_value=
ac_cv_env_LDFLAGS_set=
ac_cv_env_LDFLAGS_value=
ac_cv_env_build_alias_set=
ac_cv_env_build_alias_value=
ac_cv_env_host_alias_set=
ac_cv_env_host_alias_value=
ac_cv_env_target_alias_set=
ac_cv_env_target_alias_value=
ac_cv_exeext=
ac_cv_func_memcmp_working=yes
ac_cv_func_select=yes
ac_cv_func_setvbuf_reversed=no
ac_cv_func_socket=yes
ac_cv_func_strerror=yes
ac_cv_func_strtol=yes
ac_cv_header_asm_types_h=yes
ac_cv_header_fcntl_h=yes
ac_cv_header_getopt_h=yes
ac_cv_header_inttypes_h=yes
ac_cv_header_linux_if_ether_h=yes
ac_cv_header_linux_if_h=yes
ac_cv_header_linux_if_packet_h=yes
ac_cv_header_linux_if_pppox_h=yes
ac_cv_header_memory_h=yes
ac_cv_header_net_bpf_h=no
ac_cv_header_net_ethernet_h=yes
ac_cv_header_net_if_arp_h=yes
ac_cv_header_net_if_dl_h=no
ac_cv_header_net_if_ether_h=no
ac_cv_header_net_if_h=yes
ac_cv_header_net_if_types_h=no
ac_cv_header_netinet_if_ether_h=yes
ac_cv_header_netpacket_packet_h=yes
ac_cv_header_stdc=yes
ac_cv_header_stdint_h=yes
ac_cv_header_stdlib_h=yes
ac_cv_header_string_h=yes
ac_cv_header_strings_h=yes
ac_cv_header_sys_cdefs_h=yes
ac_cv_header_sys_dlpi_h=no
ac_cv_header_sys_ioctl_h=yes
ac_cv_header_sys_param_h=yes
ac_cv_header_sys_socket_h=yes
ac_cv_header_sys_stat_h=yes
ac_cv_header_sys_time_h=yes
ac_cv_header_sys_types_h=yes
ac_cv_header_sys_uio_h=yes
ac_cv_header_sys_wait_h=yes
ac_cv_header_syslog_h=yes
ac_cv_header_time=yes
ac_cv_header_unistd_h=yes
ac_cv_licpath=no
ac_cv_linux_kernel_pppoe=yes
ac_cv_n_hdlc=yes
ac_cv_objext=o
ac_cv_path_ECHO=/bin/echo
ac_cv_path_ID=/usr/bin/id
ac_cv_path_PPPD=/usr/local/sbin/pppd
ac_cv_path_SETSID=/usr/bin/setsid
ac_cv_path_install='/usr/bin/install -c'
ac_cv_pluginpath=no
ac_cv_prog_CPP='gcc -E'
ac_cv_prog_ac_ct_CC=gcc
ac_cv_prog_ac_ct_RANLIB=ranlib
ac_cv_prog_cc_g=yes
ac_cv_prog_cc_stdc=
ac_cv_prog_egrep='grep -E'
ac_cv_sizeof_unsigned_int=4
ac_cv_sizeof_unsigned_long=4
ac_cv_sizeof_unsigned_short=2
ac_cv_struct_sockaddr_ll=yes
ac_cv_struct_tm=time.h
ac_cv_type_pid_t=yes
ac_cv_type_signal=void
ac_cv_type_unsigned_int=yes
ac_cv_type_unsigned_long=yes
ac_cv_type_unsigned_short=yes
rpppoe_cv_pack_bitfields=rev

## ----------------- ##
## Output variables. ##
## ----------------- ##

CC='gcc'
CFLAGS='-g -O2 -Wall -Wstrict-prototypes -ansi'
CPP='gcc -E'
CPPFLAGS=''
DEFS='-DHAVE_CONFIG_H'
ECHO='/bin/echo'
ECHO_C=''
ECHO_N='-n'
ECHO_T=''
EGREP='grep -E'
EXEEXT=''
ID='/usr/bin/id'
INSTALL_DATA='${INSTALL} -m 644'
INSTALL_PROGRAM='${INSTALL}'
INSTALL_SCRIPT='${INSTALL}'
LDFLAGS=''
LIBEVENT='../libevent'
LIBOBJS=''
LIBS=''
LIC_DEFINE=''
LIC_INCDIR=''
LIC_LIB=''
LIC_LIBDIR=''
LIC_MAKEFILE_INCLUDE=''
LINUX_KERNELMODE_PLUGIN=''
LTLIBOBJS=''
OBJEXT='o'
PACKAGE_BUGREPORT=''
PACKAGE_NAME=''
PACKAGE_STRING=''
PACKAGE_TARNAME=''
PACKAGE_VERSION=''
PATH_SEPARATOR=':'
PPPD='/usr/local/sbin/pppd'
PPPD_H=''
PPPD_INCDIR=''
PPPOE_RELAY='pppoe-relay'
PPPOE_SERVER_DEPS=''
RANLIB='ranlib'
RDYNAMIC=''
SETSID='/usr/bin/setsid'
SHELL='/bin/sh'
TARGETS='pppoe pppoe-server pppoe-sniff pppoe-relay'
WRAPPER='/usr/sbin/pppoe-wrapper'
ac_ct_CC='gcc'
ac_ct_RANLIB='ranlib'
bindir='${exec_prefix}/bin'
build_alias=''
datadir='${prefix}/share'
datadir_evaluated='/usr/share'
exec_prefix='${prefix}'
host_alias=''
includedir='${prefix}/include'
infodir='${prefix}/info'
libdir='${exec_prefix}/lib'
libexecdir='${exec_prefix}/libexec'
localstatedir='${prefix}/var'
mandir='${prefix}/man'
oldincludedir='/usr/include'
prefix='/usr'
program_transform_name='s,x,x,'
sbindir='${exec_prefix}/sbin'
sharedstatedir='${prefix}/com'
sysconfdir='${prefix}/etc'
target_alias=''

## ----------- ##
## confdefs.h. ##
## ----------- ##

#define HAVE_ASM_TYPES_H 1
#define HAVE_FCNTL_H 1
#define HAVE_FCNTL_H 1
#define HAVE_GETOPT_H 1
#define HAVE_INTTYPES_H 1
#define HAVE_LINUX_IF_ETHER_H 1
#define HAVE_LINUX_IF_H 1
#define HAVE_LINUX_IF_PACKET_H 1
#define HAVE_LINUX_IF_PPPOX_H 1
#define HAVE_MEMORY_H 1
#define HAVE_NETINET_IF_ETHER_H 1
#define HAVE_NETINET_IF_ETHER_H 1
#define HAVE_NETPACKET_PACKET_H 1
#define HAVE_NET_ETHERNET_H 1
#define HAVE_NET_IF_ARP_H 1
#define HAVE_NET_IF_H 1
#define HAVE_N_HDLC 1
#define HAVE_SELECT 1
#define HAVE_SOCKET 1
#define HAVE_STDINT_H 1
#define HAVE_STDLIB_H 1
#define HAVE_STRERROR 1
#define HAVE_STRINGS_H 1
#define HAVE_STRING_H 1
#define HAVE_STRTOL 1
#define HAVE_STRUCT_SOCKADDR_LL 1
#define HAVE_SYSLOG_H 1
#define HAVE_SYS_CDEFS_H 1
#define HAVE_SYS_IOCTL_H 1
#define HAVE_SYS_PARAM_H 1
#define HAVE_SYS_SOCKET_H 1
#define HAVE_SYS_STAT_H 1
#define HAVE_SYS_TIME_H 1
#define HAVE_SYS_TYPES_H 1
#define HAVE_SYS_UIO_H 1
#define HAVE_SYS_WAIT_H 1
#define HAVE_UNISTD_H 1
#define HAVE_UNISTD_H 1
#define PACKAGE_BUGREPORT ""
#define PACKAGE_NAME ""
#define PACKAGE_STRING ""
#define PACKAGE_TARNAME ""
#define PACKAGE_VERSION ""
#define PACK_BITFIELDS_REVERSED 1
#define PROTOTYPES 1
#define RETSIGTYPE void
#define SIZEOF_UNSIGNED_INT 4
#define SIZEOF_UNSIGNED_LONG 4
#define SIZEOF_UNSIGNED_SHORT 2
#define STDC_HEADERS 1
#define TIME_WITH_SYS_TIME 1
#define __PROTOTYPES 1

configure: exit 0
