(*) Direct/Test: Application starting...
loop 2 times

   ~~~~~~~~~~~~~~~~~~~~~~~~~~| DirectFB 1.4.2 |~~~~~~~~~~~~~~~~~~~~~~~~~~
        (c) 2001-2009  The world wide DirectFB Open Source Community
        (c) 2000-2004  Convergence (integrated media) GmbH
      ----------------------------------------------------------------

(*) DirectFB/Core: Single Application Core. (2009-12-03 07:17) [ DEBUG ]
real free:0804AC50
real free:08059898
real free:08059460
real free:08059040
real free:08058C20
real free:08058800
real free:080583E0
real free:08057FC8
real free:08057B90
real free:08057770
real free:08057350
(*) Direct/Thread: Started 'X11 Input' (15518) [INPUT OTHER/OTHER 0/0] <8388608>...
(*) DirectFB/Input: X11 Input 0.1 (directfb.org)
(*) DirectFB/Genefx: MMX detected and enabled
(*) DirectFB/Graphics: MMX Software Rasterizer 0.6 (directfb.org)
(*) DirectFB/Core/WM: Default 0.3 (directfb.org)
relloc: 1792 = cap:64 * size:28
(*) X11/Display: Using XShm.
IDirectFB_CreateFont:1218
DirectGetInterface 293: countinue leak free
DirectGetInterface 296: countinue leak no free IDirectFBFont IDirectFBFont
DirectGetInterface 293: countinue leak free
DirectGetInterface 296: countinue leak no free IDirectFBFont IDirectFBFont
(*) Direct/Interface: Loaded 'FT2' implementation of 'IDirectFBFont'.
Direct/Interface: Loaded 'FT2' implementation of 'IDirectFBFont'.
DirectGetInterface 306: countinue leak
IDirectFB_CreateFont:1220
DirectGetInterface 293: countinue leak free
DirectGetInterface 296: countinue leak no free IDirectFBImageProvider IDirectFBImageProvider
DirectGetInterface 293: countinue leak free
DirectGetInterface 296: countinue leak no free IDirectFBImageProvider IDirectFBImageProvider
DirectGetInterface 293: countinue leak free
DirectGetInterface 296: countinue leak no free IDirectFBImageProvider IDirectFBImageProvider
(*) Direct/Interface: Loaded 'PNG' implementation of 'IDirectFBImageProvider'.
Direct/Interface: Loaded 'PNG' implementation of 'IDirectFBImageProvider'.
DirectGetInterface 306: countinue leak
close lite
 (!!!)  *** WARNING [still objects in 'Surface Pool'] *** [object.c:241 in fusion_object_pool_destroy()]
real free:00000000

   ~~~~~~~~~~~~~~~~~~~~~~~~~~| DirectFB 1.4.2 |~~~~~~~~~~~~~~~~~~~~~~~~~~
        (c) 2001-2009  The world wide DirectFB Open Source Community
        (c) 2000-2004  Convergence (integrated media) GmbH
      ----------------------------------------------------------------

(*) DirectFB/Core: Single Application Core. (2009-12-03 07:17) [ DEBUG ]
real free:08058C70
real free:08058850
real free:08058418
real free:08057FF8
real free:0807CC28
real free:08059BF0
real free:08059B40
real free:0804CAA0
real free:0808AAC8
real free:0804ACA8
real free:08061A08
(*) Direct/Thread: Started 'X11 Input' (-1) [INPUT OTHER/OTHER 0/0] <8388608>...
(*) DirectFB/Input: X11 Input 0.1 (directfb.org)
(*) DirectFB/Genefx: MMX detected and enabled
(*) DirectFB/Graphics: MMX Software Rasterizer 0.6 (directfb.org)
(*) DirectFB/Core/WM: Default 0.3 (directfb.org)
(*) X11/Display: Using XShm.
IDirectFB_CreateFont:1218
IDirectFB_CreateFont:1220
close lite
 (!!!)  *** WARNING [still objects in 'Surface Pool'] *** [object.c:241 in fusion_object_pool_destroy()]
real free:00000000
(!) Direct/Mem: Not freeing unknown 0x804a558 (log) from [log.c:139 in direct_log_destroy()] - corrupt/incomplete list?
Local memory allocations remaining (35): 
    112 bytes at 0x804aba8 allocated in direct_thread_set_name (thread.c: 369)
     12 bytes at 0x804b228 allocated in direct_thread_set_name (thread.c: 386)
     44 bytes at 0x804b250 allocated in direct_modules_explore_directory (modules.c: 232)
     22 bytes at 0x804c2e8 allocated in direct_modules_explore_directory (modules.c: 240)
      7 bytes at 0x804c680 allocated in direct_modules_register (modules.c: 134)
     44 bytes at 0x804c690 allocated in direct_modules_explore_directory (modules.c: 232)
     21 bytes at 0x804c6c0 allocated in direct_modules_explore_directory (modules.c: 240)
      6 bytes at 0x804cab8 allocated in direct_modules_register (modules.c: 134)
     44 bytes at 0x804cac8 allocated in direct_modules_explore_directory (modules.c: 232)
     19 bytes at 0x804caf8 allocated in direct_modules_explore_directory (modules.c: 240)
      4 bytes at 0x804d598 allocated in direct_modules_register (modules.c: 134)
     44 bytes at 0x8057320 allocated in direct_modules_explore_directory (modules.c: 232)
     25 bytes at 0x8057350 allocated in direct_modules_explore_directory (modules.c: 240)
      8 bytes at 0x804b048 allocated in direct_modules_register (modules.c: 134)
    372 bytes at 0x8061db0 allocated in gAcquire (generic.c: 6927)
     40 bytes at 0x80637d0 allocated in DirectRegisterInterface (interface.c: 88)
     84 bytes at 0x8063800 allocated in DirectGetInterface (interface.c: 272)
     40 bytes at 0x8063c48 allocated in DirectRegisterInterface (interface.c: 88)
     82 bytes at 0x8063c78 allocated in DirectGetInterface (interface.c: 272)
     40 bytes at 0x80643b0 allocated in DirectRegisterInterface (interface.c: 88)
     80 bytes at 0x80643e0 allocated in DirectGetInterface (interface.c: 272)
     40 bytes at 0x8070e00 allocated in DirectRegisterInterface (interface.c: 88)
    100 bytes at 0x8070e30 allocated in DirectGetInterface (interface.c: 272)
     40 bytes at 0x80712a8 allocated in DirectRegisterInterface (interface.c: 88)
     98 bytes at 0x80712d8 allocated in DirectGetInterface (interface.c: 272)
     40 bytes at 0x8071a70 allocated in DirectRegisterInterface (interface.c: 88)
     99 bytes at 0x8071aa0 allocated in DirectGetInterface (interface.c: 272)
     40 bytes at 0x8072268 allocated in DirectRegisterInterface (interface.c: 88)
     98 bytes at 0x8072298 allocated in DirectGetInterface (interface.c: 272)
    372 bytes at 0x8078640 allocated in gAcquire (generic.c: 6927)
    252 bytes at 0x805a790 allocated in IDirectFB_CreateSurface (idirectfb.c: 830)
    672 bytes at 0x808aeb8 allocated in IDirectFBSurface_Construct (idirectfbsurface.c: 2607)
    252 bytes at 0x806c868 allocated in IDirectFB_CreateSurface (idirectfb.c: 830)
    672 bytes at 0x806f020 allocated in IDirectFBSurface_Construct (idirectfbsurface.c: 2607)
   4321 bytes at 0x8061f28 allocated in main (main.c: 98)
type any key to close lite
type any key to exit
DirectUnregisterInterface 127: free /pub/rootfs/lib/directfb-1.4-0/interfaces/IDirectFBFont/libidirectfbfont_default.so leak foce?
(-) [Main Thread       5.577] (15517) Direct/Mem:           -    40 bytes [interface.c:133 in DirectUnregisterInterface()] -> 0x80637d0 'impl'
DirectUnregisterInterface 127: free /pub/rootfs/lib/directfb-1.4-0/interfaces/IDirectFBFont/libidirectfbfont_dgiff.so leak foce?
(-) [Main Thread       5.577] (15517) Direct/Mem:           -    40 bytes [interface.c:133 in DirectUnregisterInterface()] -> 0x8063c48 'impl'
DirectUnregisterInterface 127: free /pub/rootfs/lib/directfb-1.4-0/interfaces/IDirectFBFont/libidirectfbfont_ft2.so leak foce?
(-) [Main Thread       5.577] (15517) Direct/Mem:           -    40 bytes [interface.c:133 in DirectUnregisterInterface()] -> 0x80643b0 'impl'
DirectUnregisterInterface 127: free /pub/rootfs/lib/directfb-1.4-0/interfaces/IDirectFBImageProvider/libidirectfbimageprovider_dfiff.so leak foce?
(-) [Main Thread       5.577] (15517) Direct/Mem:           -    40 bytes [interface.c:133 in DirectUnregisterInterface()] -> 0x8070e00 'impl'
DirectUnregisterInterface 127: free /pub/rootfs/lib/directfb-1.4-0/interfaces/IDirectFBImageProvider/libidirectfbimageprovider_gif.so leak foce?
(-) [Main Thread       5.577] (15517) Direct/Mem:           -    40 bytes [interface.c:133 in DirectUnregisterInterface()] -> 0x80712a8 'impl'
DirectUnregisterInterface 127: free /pub/rootfs/lib/directfb-1.4-0/interfaces/IDirectFBImageProvider/libidirectfbimageprovider_jpeg.so leak foce?
(-) [Main Thread       5.577] (15517) Direct/Mem:           -    40 bytes [interface.c:133 in DirectUnregisterInterface()] -> 0x8071a70 'impl'
DirectUnregisterInterface 127: free /pub/rootfs/lib/directfb-1.4-0/interfaces/IDirectFBImageProvider/libidirectfbimageprovider_png.so leak foce?
(-) [Main Thread       5.577] (15517) Direct/Mem:           -    40 bytes [interface.c:133 in DirectUnregisterInterface()] -> 0x8072268 'impl'
