(*) Direct/Test: Application starting...
loop 4 times

   ~~~~~~~~~~~~~~~~~~~~~~~~~~| DirectFB 1.4.2 |~~~~~~~~~~~~~~~~~~~~~~~~~~
        (c) 2001-2009  The world wide DirectFB Open Source Community
        (c) 2000-2004  Convergence (integrated media) GmbH
      ----------------------------------------------------------------

(*) DirectFB/Core: Single Application Core. (2009-12-03 07:17) [ DEBUG ]
real free:080596B0
real free:08059290
real free:08058E58
real free:08058A38
real free:08058618
real free:080581F8
real free:08057DD8
real free:080579C0
real free:08057588
real free:08057168
real free:08056D48
(*) Direct/Thread: Started 'X11 Input' (22156) [INPUT OTHER/OTHER 0/0] <8388608>...
(*) DirectFB/Input: X11 Input 0.1 (directfb.org)
(*) DirectFB/Genefx: MMX detected and enabled
(*) DirectFB/Graphics: MMX Software Rasterizer 0.6 (directfb.org)
(*) DirectFB/Core/WM: Default 0.3 (directfb.org)
relloc: 1792 = cap:64 * size:28
(*) X11/Display: Using XShm.
IDirectFB_CreateFont:1218
DirectGetInterface 293: countinue leak free
DirectGetInterface 296: countinue leak no free IDirectFBFont IDirectFBFont
DirectGetInterface 293: countinue leak free
DirectGetInterface 296: countinue leak no free IDirectFBFont IDirectFBFont
(*) Direct/Interface: Loaded 'FT2' implementation of 'IDirectFBFont'.
Direct/Interface: Loaded 'FT2' implementation of 'IDirectFBFont'.
DirectGetInterface 306: countinue leak
IDirectFB_CreateFont:1220
DirectGetInterface 293: countinue leak free
DirectGetInterface 296: countinue leak no free IDirectFBImageProvider IDirectFBImageProvider
DirectGetInterface 293: countinue leak free
DirectGetInterface 296: countinue leak no free IDirectFBImageProvider IDirectFBImageProvider
DirectGetInterface 293: countinue leak free
DirectGetInterface 296: countinue leak no free IDirectFBImageProvider IDirectFBImageProvider
(*) Direct/Interface: Loaded 'PNG' implementation of 'IDirectFBImageProvider'.
Direct/Interface: Loaded 'PNG' implementation of 'IDirectFBImageProvider'.
DirectGetInterface 306: countinue leak
close lite
 (!!!)  *** WARNING [still objects in 'Surface Pool'] *** [object.c:241 in fusion_object_pool_destroy()]
real free:00000000

   ~~~~~~~~~~~~~~~~~~~~~~~~~~| DirectFB 1.4.2 |~~~~~~~~~~~~~~~~~~~~~~~~~~
        (c) 2001-2009  The world wide DirectFB Open Source Community
        (c) 2000-2004  Convergence (integrated media) GmbH
      ----------------------------------------------------------------

(*) DirectFB/Core: Single Application Core. (2009-12-03 07:17) [ DEBUG ]
real free:0806EEF8
real free:0806EAD8
real free:0806E6A0
real free:080575D0
real free:080571B0
real free:08060AD8
real free:08075DC8
real free:0804BC30
real free:080626D0
real free:08062538
real free:08060F78
(*) Direct/Thread: Started 'X11 Input' (-1) [INPUT OTHER/OTHER 0/0] <8388608>...
(*) DirectFB/Input: X11 Input 0.1 (directfb.org)
(*) DirectFB/Genefx: MMX detected and enabled
(*) DirectFB/Graphics: MMX Software Rasterizer 0.6 (directfb.org)
(*) DirectFB/Core/WM: Default 0.3 (directfb.org)
(*) X11/Display: Using XShm.
IDirectFB_CreateFont:1218
IDirectFB_CreateFont:1220
close lite
 (!!!)  *** WARNING [still objects in 'Surface Pool'] *** [object.c:241 in fusion_object_pool_destroy()]
real free:00000000

   ~~~~~~~~~~~~~~~~~~~~~~~~~~| DirectFB 1.4.2 |~~~~~~~~~~~~~~~~~~~~~~~~~~
        (c) 2001-2009  The world wide DirectFB Open Source Community
        (c) 2000-2004  Convergence (integrated media) GmbH
      ----------------------------------------------------------------

(*) DirectFB/Core: Single Application Core. (2009-12-03 07:17) [ DEBUG ]
real free:08085A80
real free:080858E8
real free:080854B0
real free:08057640
real free:080574A8
real free:080570D0
real free:08075C98
real free:0804C498
real free:08062778
real free:08062758
real free:080626E8
(*) Direct/Thread: Started 'X11 Input' (22161) [INPUT OTHER/OTHER 0/0] <8388608>...
(*) DirectFB/Input: X11 Input 0.1 (directfb.org)
(*) DirectFB/Genefx: MMX detected and enabled
(*) DirectFB/Graphics: MMX Software Rasterizer 0.6 (directfb.org)
(*) DirectFB/Core/WM: Default 0.3 (directfb.org)
(*) X11/Display: Using XShm.
IDirectFB_CreateFont:1218
IDirectFB_CreateFont:1220
close lite
 (!!!)  *** WARNING [still objects in 'Surface Pool'] *** [object.c:241 in fusion_object_pool_destroy()]
real free:00000000

   ~~~~~~~~~~~~~~~~~~~~~~~~~~| DirectFB 1.4.2 |~~~~~~~~~~~~~~~~~~~~~~~~~~
        (c) 2001-2009  The world wide DirectFB Open Source Community
        (c) 2000-2004  Convergence (integrated media) GmbH
      ----------------------------------------------------------------

(*) DirectFB/Core: Single Application Core. (2009-12-03 07:17) [ DEBUG ]
real free:080573F8
real free:08062718
real free:08060AD8
real free:08060E70
real free:08075D28
real free:0804C490
real free:08057CF8
real free:0804C7F8
real free:0804BE30
real free:0805D668
real free:0805D648
(*) Direct/Thread: Started 'X11 Input' (-1) [INPUT OTHER/OTHER 0/0] <8388608>...
(*) DirectFB/Input: X11 Input 0.1 (directfb.org)
(*) DirectFB/Genefx: MMX detected and enabled
(*) DirectFB/Graphics: MMX Software Rasterizer 0.6 (directfb.org)
(*) DirectFB/Core/WM: Default 0.3 (directfb.org)
(*) X11/Display: Using XShm.
IDirectFB_CreateFont:1218
IDirectFB_CreateFont:1220
close lite
 (!!!)  *** WARNING [still objects in 'Surface Pool'] *** [object.c:241 in fusion_object_pool_destroy()]
real free:00000000
type any key to close lite
