#########################################################################
fb run 4 and 14 times
[peter@localhost wizard]$ ps auxw|grep dir865
root      5382  2.9  0.4 36508 2300 tty5     S+   03:13   0:00 ./dir865
peter     6001  0.0  0.1  1768  608 pts/0    S+   03:14   0:00 grep dir865
[peter@localhost wizard]$ ps auxw|grep dir865
root      5382  2.3  0.4 36508 2300 tty5     S+   03:13   0:00 ./dir865
peter     6003  0.0  0.1  1768  604 pts/0    S+   03:14   0:00 grep dir865


#########################################################################
x11 run 4 and 14 times
[peter@localhost wizard]$ ps auxw|grep dir865
peter     6365  0.0  0.7 14176 4028 pts/3    S+   03:18   0:00 ./dir865
peter     6377  0.0  0.1  1768  612 pts/0    S+   03:19   0:00 grep dir865
[peter@localhost wizard]$ ps auxw|grep dir865
peter     6365  0.0  0.7 14176 4028 pts/3    S+   03:18   0:00 ./dir865
peter     6382  0.0  0.1  1768  612 pts/0    S+   03:19   0:00 grep dir865
[peter@localhost wizard]$ ps auxw|grep dir865
peter     6386  2.7  1.3 17180 7056 pts/3    S+   03:19   0:00 ./dir865
peter     6424  0.0  0.1  1764  608 pts/0    S+   03:19   0:00 grep dir865
[peter@localhost wizard]$

