This file contains any messages produced by compilers while
running configure, to aid debugging if configure makes a mistake.

It was created by configure, which was
generated by GNU Autoconf 2.65.  Invocation command line was

  $ ./configure --disable-option-checking --prefix=/home/simonsu/SVN/ubicom-distro_SDK_2.0/uClinux/lib/gettext/build-ubicom/install --host=ubicom32-linux-uclibc --disable-dependency-tracking --enable-static --enable-shared --disable-fast-install --disable-libtool-lock --disable-csharp --disable-relocatable --enable-nls --disable-rpath --with-included-gettext --without-libintl-prefix --without-included-regex --without-libexpat-prefix --without-lispdir --without-emacs --disable-openmp --disable-libasprintf --disable-java --disable-native-java host_alias=ubicom32-linux-uclibc CC=ubicom32-linux-uclibc-gcc -march=ubicom32v4 -DIP7000 CFLAGS=-O2                     -g -fomit-frame-pointer -pipe -fno-common -fno-builtin -Wall   -DEMBED  -Dlinux -D__linux__ -Dunix -D__uClinux__ -I/home/simonsu/SVN/ubicom-distro_SDK_2.0/uClinux/include -I/home/simonsu/SVN/ubicom-distro_SDK_2.0/uClinux/uClibc/include LDFLAGS=-g -L/home/simonsu/SVN/ubicom-distro_SDK_2.0/uClinux/uClibc/lib -Wl,-rpath-link,/home/simonsu/SVN/ubicom-distro_SDK_2.0/uClinux/uClibc/lib -L/home/simonsu/SVN/ubicom-distro_SDK_2.0/toolchain/bin/../lib/gcc/ubicom32-linux-uclibc/4.4.1/march-ubicom32v4/ -L/home/simonsu/SVN/ubicom-distro_SDK_2.0/uClinux/lib -Wl,-rpath-link,/home/simonsu/SVN/ubicom-distro_SDK_2.0/uClinux/lib  CXX=ubicom32-linux-uclibc-g++ -march=ubicom32v4 -DIP7000 --cache-file=/dev/null --srcdir=.

## --------- ##
## Platform. ##
## --------- ##

hostname = FC8_PC
uname -m = i686
uname -r = 2.6.26.8-57.fc8
uname -s = Linux
uname -v = #1 SMP Thu Dec 18 19:19:45 EST 2008

/usr/bin/uname -p = unknown
/bin/uname -X     = unknown

/bin/arch              = i686
/usr/bin/arch -k       = unknown
/usr/convex/getsysinfo = unknown
/usr/bin/hostinfo      = unknown
/bin/machine           = unknown
/usr/bin/oslevel       = unknown
/bin/universe          = unknown

PATH: /home/simonsu/SVN/ubicom-distro_SDK_2.0/toolchain/bin
PATH: /home/simonsu/SVN/ubicom-distro_SDK_2.0/toolchain/bin/
PATH: /usr/lib/qt-3.3/bin
PATH: /usr/kerberos/bin
PATH: /usr/lib/ccache
PATH: /usr/local/bin
PATH: /bin
PATH: /usr/bin
PATH: .
PATH: /home/simonsu/bin
PATH: /home/simonsu/SVN/ubicom-distro_SDK_2.0/uClinux/tools


## ----------- ##
## Core tests. ##
## ----------- ##

configure:1733: checking for a BSD-compatible install
configure:1801: result: /usr/bin/install -c
configure:1812: checking whether build environment is sane
configure:1862: result: yes
configure:1911: checking for ubicom32-linux-uclibc-strip
configure:1938: result: ubicom32-linux-uclibc-strip
configure:2003: checking for a thread-safe mkdir -p
configure:2042: result: /bin/mkdir -p
configure:2055: checking for gawk
configure:2071: found /bin/gawk
configure:2082: result: gawk
configure:2093: checking whether make sets $(MAKE)
configure:2115: result: yes
configure:2221: checking whether NLS is requested
configure:2230: result: yes
configure:2271: checking for msgfmt
configure: trying /usr/bin/msgfmt...
0 translated messages.
configure:2303: result: /usr/bin/msgfmt
configure:2312: checking for gmsgfmt
configure:2343: result: /usr/bin/msgfmt
configure:2394: checking for xgettext
configure: trying /usr/bin/xgettext...
/usr/bin/xgettext: warning: file `/dev/null' extension `' is unknown; will try C
configure:2426: result: /usr/bin/xgettext
configure:2472: checking for msgmerge
configure: trying /usr/bin/msgmerge...
configure:2503: result: /usr/bin/msgmerge
configure:2670: creating ./config.status

## ---------------------- ##
## Running config.status. ##
## ---------------------- ##

This file was extended by gettext-examples config.status, which was
generated by GNU Autoconf 2.65.  Invocation command line was

  CONFIG_FILES    = 
  CONFIG_HEADERS  = 
  CONFIG_LINKS    = 
  CONFIG_COMMANDS = 
  $ ./config.status 

on FC8_PC

config.status:773: creating Makefile
config.status:773: creating installpaths
config.status:773: creating po/Makefile
config.status:936: executing po-directories commands

## ---------------- ##
## Cache variables. ##
## ---------------- ##

ac_cv_env_build_alias_set=
ac_cv_env_build_alias_value=
ac_cv_env_host_alias_set=set
ac_cv_env_host_alias_value=ubicom32-linux-uclibc
ac_cv_env_target_alias_set=
ac_cv_env_target_alias_value=
ac_cv_path_GMSGFMT=/usr/bin/msgfmt
ac_cv_path_MSGFMT=/usr/bin/msgfmt
ac_cv_path_MSGMERGE=/usr/bin/msgmerge
ac_cv_path_XGETTEXT=/usr/bin/xgettext
ac_cv_path_install='/usr/bin/install -c'
ac_cv_path_mkdir=/bin/mkdir
ac_cv_prog_AWK=gawk
ac_cv_prog_STRIP=ubicom32-linux-uclibc-strip
ac_cv_prog_make_make_set=yes

## ----------------- ##
## Output variables. ##
## ----------------- ##

ACLOCAL='${SHELL} /home/simonsu/SVN/ubicom-distro_SDK_2.0/uClinux/lib/gettext/gettext-0.18.1.1/build-aux/missing --run aclocal-1.11'
AMTAR='${SHELL} /home/simonsu/SVN/ubicom-distro_SDK_2.0/uClinux/lib/gettext/gettext-0.18.1.1/build-aux/missing --run tar'
AM_BACKSLASH='\'
AM_DEFAULT_VERBOSITY='1'
AUTOCONF='${SHELL} /home/simonsu/SVN/ubicom-distro_SDK_2.0/uClinux/lib/gettext/gettext-0.18.1.1/build-aux/missing --run autoconf'
AUTOHEADER='${SHELL} /home/simonsu/SVN/ubicom-distro_SDK_2.0/uClinux/lib/gettext/gettext-0.18.1.1/build-aux/missing --run autoheader'
AUTOMAKE='${SHELL} /home/simonsu/SVN/ubicom-distro_SDK_2.0/uClinux/lib/gettext/gettext-0.18.1.1/build-aux/missing --run automake-1.11'
AWK='gawk'
CYGPATH_W='echo'
DEFS='-DPACKAGE_NAME=\"\" -DPACKAGE_TARNAME=\"\" -DPACKAGE_VERSION=\"\" -DPACKAGE_STRING=\"\" -DPACKAGE_BUGREPORT=\"\" -DPACKAGE_URL=\"\" -DPACKAGE=\"gettext-examples\" -DVERSION=\"0.18.1\"'
ECHO_C=''
ECHO_N='-n'
ECHO_T=''
GETTEXT_MACRO_VERSION='0.18'
GMSGFMT='/usr/bin/msgfmt'
GMSGFMT_015='/usr/bin/msgfmt'
INSTALL_DATA='${INSTALL} -m 644'
INSTALL_PROGRAM='${INSTALL}'
INSTALL_SCRIPT='${INSTALL}'
INSTALL_STRIP_PROGRAM='$(install_sh) -c -s'
LIBOBJS=''
LIBS=''
LTLIBOBJS=''
MAKEINFO='${SHELL} /home/simonsu/SVN/ubicom-distro_SDK_2.0/uClinux/lib/gettext/gettext-0.18.1.1/build-aux/missing --run makeinfo'
MKDIR_P='/bin/mkdir -p'
MSGFMT='/usr/bin/msgfmt'
MSGFMT_015='/usr/bin/msgfmt'
MSGMERGE='/usr/bin/msgmerge'
PACKAGE='gettext-examples'
PACKAGE_BUGREPORT=''
PACKAGE_NAME=''
PACKAGE_STRING=''
PACKAGE_TARNAME=''
PACKAGE_URL=''
PACKAGE_VERSION=''
PATH_SEPARATOR=':'
SET_MAKE=''
SHELL='/bin/sh'
STRIP='ubicom32-linux-uclibc-strip'
USE_NLS='yes'
VERSION='0.18.1'
XGETTEXT='/usr/bin/xgettext'
XGETTEXT_015='/usr/bin/xgettext'
XGETTEXT_EXTRA_OPTIONS=''
aclocaldir='${datadir}/aclocal'
am__isrc=''
am__leading_dot='.'
am__tar='${AMTAR} chof - "$$tardir"'
am__untar='${AMTAR} xf -'
bindir='${exec_prefix}/bin'
build_alias=''
datadir='${datarootdir}'
datarootdir='${prefix}/share'
docdir='${datarootdir}/doc/gettext'
dvidir='${docdir}'
exec_prefix='${prefix}'
host_alias='ubicom32-linux-uclibc'
htmldir='${docdir}'
includedir='${prefix}/include'
infodir='${datarootdir}/info'
install_sh='${SHELL} /home/simonsu/SVN/ubicom-distro_SDK_2.0/uClinux/lib/gettext/gettext-0.18.1.1/build-aux/install-sh'
libdir='${exec_prefix}/lib'
libexecdir='${exec_prefix}/libexec'
localedir='${datarootdir}/locale'
localstatedir='${prefix}/var'
mandir='${datarootdir}/man'
mkdir_p='/bin/mkdir -p'
oldincludedir='/usr/include'
pdfdir='${docdir}'
prefix='/home/simonsu/SVN/ubicom-distro_SDK_2.0/uClinux/lib/gettext/build-ubicom/install'
program_transform_name='s,x,x,'
psdir='${docdir}'
sbindir='${exec_prefix}/sbin'
sharedstatedir='${prefix}/com'
sysconfdir='${prefix}/etc'
target_alias=''

## ----------- ##
## confdefs.h. ##
## ----------- ##

/* confdefs.h */
#define PACKAGE_NAME ""
#define PACKAGE_TARNAME ""
#define PACKAGE_VERSION ""
#define PACKAGE_STRING ""
#define PACKAGE_BUGREPORT ""
#define PACKAGE_URL ""
#define PACKAGE "gettext-examples"
#define VERSION "0.18.1"

configure: exit 0
